{"C:\\Users\\user\\Documents\\GitHub\\936943-what-to-watch-4 — 7-3\\src\\api.js": {"path":"C:\\Users\\user\\Documents\\GitHub\\936943-what-to-watch-4 — 7-3\\src\\api.js","statementMap":{"0":{"start":{"line":3,"column":20},"end":{"line":3,"column":24}},"1":{"start":{"line":4,"column":17},"end":{"line":4,"column":52}},"2":{"start":{"line":6,"column":14},"end":{"line":8,"column":1}},"3":{"start":{"line":10,"column":25},"end":{"line":34,"column":1}},"4":{"start":{"line":11,"column":14},"end":{"line":15,"column":4}},"5":{"start":{"line":17,"column":20},"end":{"line":19,"column":3}},"6":{"start":{"line":18,"column":4},"end":{"line":18,"column":20}},"7":{"start":{"line":21,"column":17},"end":{"line":29,"column":3}},"8":{"start":{"line":22,"column":23},"end":{"line":22,"column":26}},"9":{"start":{"line":24,"column":4},"end":{"line":26,"column":5}},"10":{"start":{"line":25,"column":6},"end":{"line":25,"column":16}},"11":{"start":{"line":28,"column":4},"end":{"line":28,"column":14}},"12":{"start":{"line":31,"column":2},"end":{"line":31,"column":51}},"13":{"start":{"line":33,"column":2},"end":{"line":33,"column":13}}},"fnMap":{"0":{"name":"(anonymous_0)","decl":{"start":{"line":10,"column":25},"end":{"line":10,"column":26}},"loc":{"start":{"line":10,"column":31},"end":{"line":34,"column":1}},"line":10},"1":{"name":"(anonymous_1)","decl":{"start":{"line":17,"column":20},"end":{"line":17,"column":21}},"loc":{"start":{"line":17,"column":34},"end":{"line":19,"column":3}},"line":17},"2":{"name":"(anonymous_2)","decl":{"start":{"line":21,"column":17},"end":{"line":21,"column":18}},"loc":{"start":{"line":21,"column":26},"end":{"line":29,"column":3}},"line":21}},"branchMap":{"0":{"loc":{"start":{"line":24,"column":4},"end":{"line":26,"column":5}},"type":"if","locations":[{"start":{"line":24,"column":4},"end":{"line":26,"column":5}},{"start":{"line":24,"column":4},"end":{"line":26,"column":5}}],"line":24}},"s":{"0":2,"1":2,"2":2,"3":2,"4":2,"5":2,"6":4,"7":2,"8":0,"9":0,"10":0,"11":0,"12":2,"13":2},"f":{"0":2,"1":4,"2":0},"b":{"0":[0,0]},"_coverageSchema":"1a1c01bbd47fc00a2c39e90264f33305004495a9","hash":"dfe56af93e37b7b5b44e8d797edd34a5f559358f"}
,"C:\\Users\\user\\Documents\\GitHub\\936943-what-to-watch-4 — 7-3\\src\\consts.js": {"path":"C:\\Users\\user\\Documents\\GitHub\\936943-what-to-watch-4 — 7-3\\src\\consts.js","statementMap":{"0":{"start":{"line":2,"column":22},"end":{"line":2,"column":414}},"1":{"start":{"line":4,"column":22},"end":{"line":4,"column":54}},"2":{"start":{"line":6,"column":23},"end":{"line":10,"column":1}},"3":{"start":{"line":12,"column":30},"end":{"line":12,"column":31}},"4":{"start":{"line":14,"column":24},"end":{"line":21,"column":1}}},"fnMap":{},"branchMap":{},"s":{"0":14,"1":14,"2":14,"3":14,"4":14},"f":{},"b":{},"_coverageSchema":"1a1c01bbd47fc00a2c39e90264f33305004495a9","hash":"61ebff68cd2aa91d688f6335bba50d513eb07468"}
,"C:\\Users\\user\\Documents\\GitHub\\936943-what-to-watch-4 — 7-3\\src\\history.js": {"path":"C:\\Users\\user\\Documents\\GitHub\\936943-what-to-watch-4 — 7-3\\src\\history.js","statementMap":{"0":{"start":{"line":3,"column":16},"end":{"line":3,"column":38}}},"fnMap":{},"branchMap":{},"s":{"0":12},"f":{},"b":{},"_coverageSchema":"1a1c01bbd47fc00a2c39e90264f33305004495a9","hash":"d6163cc1d91eee8c70cb33ff5b13eaf69ef551e9"}
,"C:\\Users\\user\\Documents\\GitHub\\936943-what-to-watch-4 — 7-3\\src\\private-route.jsx": {"path":"C:\\Users\\user\\Documents\\GitHub\\936943-what-to-watch-4 — 7-3\\src\\private-route.jsx","statementMap":{"0":{"start":{"line":11,"column":21},"end":{"line":25,"column":1}},"1":{"start":{"line":12,"column":19},"end":{"line":12,"column":67}},"2":{"start":{"line":14,"column":2},"end":{"line":24,"column":4}},"3":{"start":{"line":17,"column":8},"end":{"line":19,"column":9}},"4":{"start":{"line":18,"column":10},"end":{"line":18,"column":36}},"5":{"start":{"line":21,"column":8},"end":{"line":21,"column":52}},"6":{"start":{"line":27,"column":0},"end":{"line":31,"column":2}},"7":{"start":{"line":33,"column":24},"end":{"line":35,"column":2}},"8":{"start":{"line":33,"column":36},"end":{"line":35,"column":1}}},"fnMap":{"0":{"name":"(anonymous_0)","decl":{"start":{"line":11,"column":21},"end":{"line":11,"column":22}},"loc":{"start":{"line":11,"column":62},"end":{"line":25,"column":1}},"line":11},"1":{"name":"(anonymous_1)","decl":{"start":{"line":16,"column":14},"end":{"line":16,"column":15}},"loc":{"start":{"line":16,"column":30},"end":{"line":22,"column":7}},"line":16},"2":{"name":"(anonymous_2)","decl":{"start":{"line":33,"column":24},"end":{"line":33,"column":25}},"loc":{"start":{"line":33,"column":36},"end":{"line":35,"column":1}},"line":33}},"branchMap":{"0":{"loc":{"start":{"line":17,"column":8},"end":{"line":19,"column":9}},"type":"if","locations":[{"start":{"line":17,"column":8},"end":{"line":19,"column":9}},{"start":{"line":17,"column":8},"end":{"line":19,"column":9}}],"line":17}},"s":{"0":1,"1":0,"2":0,"3":0,"4":0,"5":0,"6":1,"7":1,"8":0},"f":{"0":0,"1":0,"2":0},"b":{"0":[0,0]},"_coverageSchema":"1a1c01bbd47fc00a2c39e90264f33305004495a9","hash":"ddbe4c20428848e5f86fb309ebe2c1de00eac8cc"}
,"C:\\Users\\user\\Documents\\GitHub\\936943-what-to-watch-4 — 7-3\\src\\utils.js": {"path":"C:\\Users\\user\\Documents\\GitHub\\936943-what-to-watch-4 — 7-3\\src\\utils.js","statementMap":{"0":{"start":{"line":1,"column":32},"end":{"line":1,"column":95}},"1":{"start":{"line":1,"column":50},"end":{"line":1,"column":95}},"2":{"start":{"line":3,"column":33},"end":{"line":3,"column":99}},"3":{"start":{"line":3,"column":52},"end":{"line":3,"column":99}},"4":{"start":{"line":3,"column":77},"end":{"line":3,"column":98}},"5":{"start":{"line":5,"column":29},"end":{"line":7,"column":1}},"6":{"start":{"line":6,"column":2},"end":{"line":6,"column":84}},"7":{"start":{"line":6,"column":57},"end":{"line":6,"column":68}},"8":{"start":{"line":9,"column":22},"end":{"line":11,"column":1}},"9":{"start":{"line":10,"column":2},"end":{"line":10,"column":49}},"10":{"start":{"line":13,"column":28},"end":{"line":13,"column":91}},"11":{"start":{"line":13,"column":44},"end":{"line":13,"column":91}},"12":{"start":{"line":13,"column":71},"end":{"line":13,"column":90}}},"fnMap":{"0":{"name":"(anonymous_0)","decl":{"start":{"line":1,"column":32},"end":{"line":1,"column":33}},"loc":{"start":{"line":1,"column":50},"end":{"line":1,"column":95}},"line":1},"1":{"name":"(anonymous_1)","decl":{"start":{"line":3,"column":33},"end":{"line":3,"column":34}},"loc":{"start":{"line":3,"column":52},"end":{"line":3,"column":99}},"line":3},"2":{"name":"(anonymous_2)","decl":{"start":{"line":3,"column":66},"end":{"line":3,"column":67}},"loc":{"start":{"line":3,"column":77},"end":{"line":3,"column":98}},"line":3},"3":{"name":"(anonymous_3)","decl":{"start":{"line":5,"column":29},"end":{"line":5,"column":30}},"loc":{"start":{"line":5,"column":41},"end":{"line":7,"column":1}},"line":5},"4":{"name":"(anonymous_4)","decl":{"start":{"line":6,"column":46},"end":{"line":6,"column":47}},"loc":{"start":{"line":6,"column":57},"end":{"line":6,"column":68}},"line":6},"5":{"name":"(anonymous_5)","decl":{"start":{"line":9,"column":22},"end":{"line":9,"column":23}},"loc":{"start":{"line":9,"column":48},"end":{"line":11,"column":1}},"line":9},"6":{"name":"(anonymous_6)","decl":{"start":{"line":13,"column":28},"end":{"line":13,"column":29}},"loc":{"start":{"line":13,"column":44},"end":{"line":13,"column":91}},"line":13},"7":{"name":"(anonymous_7)","decl":{"start":{"line":13,"column":56},"end":{"line":13,"column":57}},"loc":{"start":{"line":13,"column":71},"end":{"line":13,"column":90}},"line":13}},"branchMap":{"0":{"loc":{"start":{"line":1,"column":38},"end":{"line":1,"column":45}},"type":"default-arg","locations":[{"start":{"line":1,"column":44},"end":{"line":1,"column":45}}],"line":1}},"s":{"0":12,"1":1620,"2":12,"3":0,"4":0,"5":12,"6":2,"7":16,"8":12,"9":9,"10":12,"11":1,"12":1},"f":{"0":1620,"1":0,"2":0,"3":2,"4":16,"5":9,"6":1,"7":1},"b":{"0":[1530]},"_coverageSchema":"1a1c01bbd47fc00a2c39e90264f33305004495a9","hash":"523e4c269337efe3f3afff2530012c08f2450a76"}
,"C:\\Users\\user\\Documents\\GitHub\\936943-what-to-watch-4 — 7-3\\src\\adapters\\movies-adapter.js": {"path":"C:\\Users\\user\\Documents\\GitHub\\936943-what-to-watch-4 — 7-3\\src\\adapters\\movies-adapter.js","statementMap":{"0":{"start":{"line":1,"column":15},"end":{"line":6,"column":1}},"1":{"start":{"line":8,"column":23},"end":{"line":22,"column":1}},"2":{"start":{"line":9,"column":2},"end":{"line":11,"column":3}},"3":{"start":{"line":10,"column":4},"end":{"line":10,"column":21}},"4":{"start":{"line":12,"column":2},"end":{"line":14,"column":3}},"5":{"start":{"line":13,"column":4},"end":{"line":13,"column":23}},"6":{"start":{"line":15,"column":2},"end":{"line":17,"column":3}},"7":{"start":{"line":16,"column":4},"end":{"line":16,"column":18}},"8":{"start":{"line":18,"column":2},"end":{"line":20,"column":3}},"9":{"start":{"line":19,"column":4},"end":{"line":19,"column":20}},"10":{"start":{"line":21,"column":2},"end":{"line":21,"column":15}},"11":{"start":{"line":24,"column":21},"end":{"line":44,"column":2}},"12":{"start":{"line":24,"column":33},"end":{"line":44,"column":1}}},"fnMap":{"0":{"name":"(anonymous_0)","decl":{"start":{"line":8,"column":23},"end":{"line":8,"column":24}},"loc":{"start":{"line":8,"column":35},"end":{"line":22,"column":1}},"line":8},"1":{"name":"(anonymous_1)","decl":{"start":{"line":24,"column":21},"end":{"line":24,"column":22}},"loc":{"start":{"line":24,"column":33},"end":{"line":44,"column":1}},"line":24}},"branchMap":{"0":{"loc":{"start":{"line":9,"column":2},"end":{"line":11,"column":3}},"type":"if","locations":[{"start":{"line":9,"column":2},"end":{"line":11,"column":3}},{"start":{"line":9,"column":2},"end":{"line":11,"column":3}}],"line":9},"1":{"loc":{"start":{"line":12,"column":2},"end":{"line":14,"column":3}},"type":"if","locations":[{"start":{"line":12,"column":2},"end":{"line":14,"column":3}},{"start":{"line":12,"column":2},"end":{"line":14,"column":3}}],"line":12},"2":{"loc":{"start":{"line":12,"column":6},"end":{"line":12,"column":59}},"type":"binary-expr","locations":[{"start":{"line":12,"column":6},"end":{"line":12,"column":29}},{"start":{"line":12,"column":33},"end":{"line":12,"column":59}}],"line":12},"3":{"loc":{"start":{"line":15,"column":2},"end":{"line":17,"column":3}},"type":"if","locations":[{"start":{"line":15,"column":2},"end":{"line":17,"column":3}},{"start":{"line":15,"column":2},"end":{"line":17,"column":3}}],"line":15},"4":{"loc":{"start":{"line":15,"column":6},"end":{"line":15,"column":56}},"type":"binary-expr","locations":[{"start":{"line":15,"column":6},"end":{"line":15,"column":31}},{"start":{"line":15,"column":35},"end":{"line":15,"column":56}}],"line":15},"5":{"loc":{"start":{"line":18,"column":2},"end":{"line":20,"column":3}},"type":"if","locations":[{"start":{"line":18,"column":2},"end":{"line":20,"column":3}},{"start":{"line":18,"column":2},"end":{"line":20,"column":3}}],"line":18},"6":{"loc":{"start":{"line":18,"column":6},"end":{"line":18,"column":53}},"type":"binary-expr","locations":[{"start":{"line":18,"column":6},"end":{"line":18,"column":26}},{"start":{"line":18,"column":30},"end":{"line":18,"column":53}}],"line":18}},"s":{"0":8,"1":8,"2":5,"3":0,"4":5,"5":0,"6":5,"7":0,"8":5,"9":0,"10":5,"11":8,"12":5},"f":{"0":5,"1":5},"b":{"0":[0,5],"1":[0,5],"2":[5,0],"3":[0,5],"4":[5,0],"5":[0,5],"6":[5,0]},"_coverageSchema":"1a1c01bbd47fc00a2c39e90264f33305004495a9","hash":"03a9ab73a0fe82c2174b49959739d8b305841ac3"}
,"C:\\Users\\user\\Documents\\GitHub\\936943-what-to-watch-4 — 7-3\\src\\adapters\\review-adapter.js": {"path":"C:\\Users\\user\\Documents\\GitHub\\936943-what-to-watch-4 — 7-3\\src\\adapters\\review-adapter.js","statementMap":{"0":{"start":{"line":1,"column":22},"end":{"line":8,"column":2}},"1":{"start":{"line":1,"column":35},"end":{"line":8,"column":1}}},"fnMap":{"0":{"name":"(anonymous_0)","decl":{"start":{"line":1,"column":22},"end":{"line":1,"column":23}},"loc":{"start":{"line":1,"column":35},"end":{"line":8,"column":1}},"line":1}},"branchMap":{},"s":{"0":8,"1":0},"f":{"0":0},"b":{},"_coverageSchema":"1a1c01bbd47fc00a2c39e90264f33305004495a9","hash":"a035112d648fef5c17c2cffb661225fecf4f70aa"}
,"C:\\Users\\user\\Documents\\GitHub\\936943-what-to-watch-4 — 7-3\\src\\components\\add-review\\add-review.jsx": {"path":"C:\\Users\\user\\Documents\\GitHub\\936943-what-to-watch-4 — 7-3\\src\\components\\add-review\\add-review.jsx","statementMap":{"0":{"start":{"line":11,"column":18},"end":{"line":97,"column":1}},"1":{"start":{"line":12,"column":21},"end":{"line":12,"column":42}},"2":{"start":{"line":15,"column":4},"end":{"line":28,"column":10}},"3":{"start":{"line":30,"column":2},"end":{"line":96,"column":4}},"4":{"start":{"line":99,"column":0},"end":{"line":112,"column":2}},"5":{"start":{"line":114,"column":24},"end":{"line":117,"column":2}},"6":{"start":{"line":114,"column":36},"end":{"line":117,"column":1}}},"fnMap":{"0":{"name":"(anonymous_0)","decl":{"start":{"line":11,"column":18},"end":{"line":11,"column":19}},"loc":{"start":{"line":11,"column":110},"end":{"line":97,"column":1}},"line":11},"1":{"name":"(anonymous_1)","decl":{"start":{"line":114,"column":24},"end":{"line":114,"column":25}},"loc":{"start":{"line":114,"column":36},"end":{"line":117,"column":1}},"line":114}},"branchMap":{"0":{"loc":{"start":{"line":12,"column":21},"end":{"line":12,"column":42}},"type":"binary-expr","locations":[{"start":{"line":12,"column":21},"end":{"line":12,"column":30}},{"start":{"line":12,"column":34},"end":{"line":12,"column":42}}],"line":12}},"s":{"0":2,"1":1,"2":1,"3":1,"4":2,"5":2,"6":1},"f":{"0":1,"1":1},"b":{"0":[1,1]},"_coverageSchema":"1a1c01bbd47fc00a2c39e90264f33305004495a9","hash":"9e6a5c64e4e192ba443a13abe57e1dae51d0cab6"}
,"C:\\Users\\user\\Documents\\GitHub\\936943-what-to-watch-4 — 7-3\\src\\components\\app\\app.jsx": {"path":"C:\\Users\\user\\Documents\\GitHub\\936943-what-to-watch-4 — 7-3\\src\\components\\app\\app.jsx","statementMap":{"0":{"start":{"line":26,"column":25},"end":{"line":26,"column":49}},"1":{"start":{"line":27,"column":26},"end":{"line":27,"column":62}},"2":{"start":{"line":31,"column":4},"end":{"line":31,"column":17}},"3":{"start":{"line":35,"column":20},"end":{"line":35,"column":30}},"4":{"start":{"line":37,"column":4},"end":{"line":41,"column":6}},"5":{"start":{"line":45,"column":4},"end":{"line":49,"column":6}},"6":{"start":{"line":53,"column":62},"end":{"line":53,"column":72}},"7":{"start":{"line":54,"column":4},"end":{"line":59,"column":5}},"8":{"start":{"line":56,"column":6},"end":{"line":58,"column":9}},"9":{"start":{"line":61,"column":4},"end":{"line":65,"column":5}},"10":{"start":{"line":62,"column":6},"end":{"line":64,"column":9}},"11":{"start":{"line":67,"column":4},"end":{"line":113,"column":6}},"12":{"start":{"line":71,"column":26},"end":{"line":71,"column":44}},"13":{"start":{"line":75,"column":25},"end":{"line":75,"column":48}},"14":{"start":{"line":76,"column":14},"end":{"line":76,"column":47}},"15":{"start":{"line":81,"column":14},"end":{"line":83,"column":17}},"16":{"start":{"line":88,"column":25},"end":{"line":88,"column":48}},"17":{"start":{"line":89,"column":14},"end":{"line":91,"column":17}},"18":{"start":{"line":97,"column":25},"end":{"line":97,"column":48}},"19":{"start":{"line":98,"column":14},"end":{"line":101,"column":17}},"20":{"start":{"line":106,"column":26},"end":{"line":106,"column":36}},"21":{"start":{"line":109,"column":26},"end":{"line":109,"column":34}},"22":{"start":{"line":117,"column":0},"end":{"line":148,"column":2}},"23":{"start":{"line":150,"column":24},"end":{"line":156,"column":2}},"24":{"start":{"line":150,"column":36},"end":{"line":156,"column":1}},"25":{"start":{"line":158,"column":27},"end":{"line":165,"column":2}},"26":{"start":{"line":158,"column":42},"end":{"line":165,"column":1}},"27":{"start":{"line":160,"column":4},"end":{"line":160,"column":44}},"28":{"start":{"line":163,"column":4},"end":{"line":163,"column":54}}},"fnMap":{"0":{"name":"(anonymous_0)","decl":{"start":{"line":30,"column":2},"end":{"line":30,"column":3}},"loc":{"start":{"line":30,"column":21},"end":{"line":32,"column":3}},"line":30},"1":{"name":"(anonymous_1)","decl":{"start":{"line":34,"column":2},"end":{"line":34,"column":3}},"loc":{"start":{"line":34,"column":16},"end":{"line":42,"column":3}},"line":34},"2":{"name":"(anonymous_2)","decl":{"start":{"line":44,"column":2},"end":{"line":44,"column":3}},"loc":{"start":{"line":44,"column":23},"end":{"line":50,"column":3}},"line":44},"3":{"name":"(anonymous_3)","decl":{"start":{"line":52,"column":2},"end":{"line":52,"column":3}},"loc":{"start":{"line":52,"column":11},"end":{"line":114,"column":3}},"line":52},"4":{"name":"(anonymous_4)","decl":{"start":{"line":71,"column":20},"end":{"line":71,"column":21}},"loc":{"start":{"line":71,"column":26},"end":{"line":71,"column":44}},"line":71},"5":{"name":"(anonymous_5)","decl":{"start":{"line":74,"column":20},"end":{"line":74,"column":21}},"loc":{"start":{"line":74,"column":33},"end":{"line":77,"column":13}},"line":74},"6":{"name":"(anonymous_6)","decl":{"start":{"line":80,"column":20},"end":{"line":80,"column":21}},"loc":{"start":{"line":80,"column":26},"end":{"line":84,"column":13}},"line":80},"7":{"name":"(anonymous_7)","decl":{"start":{"line":87,"column":20},"end":{"line":87,"column":21}},"loc":{"start":{"line":87,"column":33},"end":{"line":92,"column":13}},"line":87},"8":{"name":"(anonymous_8)","decl":{"start":{"line":96,"column":20},"end":{"line":96,"column":21}},"loc":{"start":{"line":96,"column":33},"end":{"line":102,"column":13}},"line":96},"9":{"name":"(anonymous_9)","decl":{"start":{"line":106,"column":20},"end":{"line":106,"column":21}},"loc":{"start":{"line":106,"column":26},"end":{"line":106,"column":36}},"line":106},"10":{"name":"(anonymous_10)","decl":{"start":{"line":109,"column":20},"end":{"line":109,"column":21}},"loc":{"start":{"line":109,"column":26},"end":{"line":109,"column":34}},"line":109},"11":{"name":"(anonymous_11)","decl":{"start":{"line":150,"column":24},"end":{"line":150,"column":25}},"loc":{"start":{"line":150,"column":36},"end":{"line":156,"column":1}},"line":150},"12":{"name":"(anonymous_12)","decl":{"start":{"line":158,"column":27},"end":{"line":158,"column":28}},"loc":{"start":{"line":158,"column":42},"end":{"line":165,"column":1}},"line":158},"13":{"name":"(anonymous_13)","decl":{"start":{"line":159,"column":2},"end":{"line":159,"column":3}},"loc":{"start":{"line":159,"column":18},"end":{"line":161,"column":3}},"line":159},"14":{"name":"(anonymous_14)","decl":{"start":{"line":162,"column":2},"end":{"line":162,"column":3}},"loc":{"start":{"line":162,"column":27},"end":{"line":164,"column":3}},"line":162}},"branchMap":{"0":{"loc":{"start":{"line":54,"column":4},"end":{"line":59,"column":5}},"type":"if","locations":[{"start":{"line":54,"column":4},"end":{"line":59,"column":5}},{"start":{"line":54,"column":4},"end":{"line":59,"column":5}}],"line":54},"1":{"loc":{"start":{"line":61,"column":4},"end":{"line":65,"column":5}},"type":"if","locations":[{"start":{"line":61,"column":4},"end":{"line":65,"column":5}},{"start":{"line":61,"column":4},"end":{"line":65,"column":5}}],"line":61}},"s":{"0":1,"1":1,"2":1,"3":1,"4":1,"5":0,"6":1,"7":1,"8":0,"9":1,"10":0,"11":1,"12":1,"13":0,"14":0,"15":0,"16":0,"17":0,"18":0,"19":0,"20":0,"21":0,"22":1,"23":1,"24":1,"25":1,"26":1,"27":0,"28":0},"f":{"0":1,"1":1,"2":0,"3":1,"4":1,"5":0,"6":0,"7":0,"8":0,"9":0,"10":0,"11":1,"12":1,"13":0,"14":0},"b":{"0":[0,1],"1":[0,1]},"_coverageSchema":"1a1c01bbd47fc00a2c39e90264f33305004495a9","hash":"b8ca55c2359a94cef0b63b33e4d5a38b78ae89e5"}
,"C:\\Users\\user\\Documents\\GitHub\\936943-what-to-watch-4 — 7-3\\src\\components\\details-tab\\details-tab.jsx": {"path":"C:\\Users\\user\\Documents\\GitHub\\936943-what-to-watch-4 — 7-3\\src\\components\\details-tab\\details-tab.jsx","statementMap":{"0":{"start":{"line":4,"column":19},"end":{"line":42,"column":1}},"1":{"start":{"line":5,"column":24},"end":{"line":5,"column":111}},"2":{"start":{"line":5,"column":37},"end":{"line":5,"column":111}},"3":{"start":{"line":7,"column":2},"end":{"line":41,"column":4}},"4":{"start":{"line":18,"column":14},"end":{"line":20,"column":31}},"5":{"start":{"line":44,"column":0},"end":{"line":61,"column":2}}},"fnMap":{"0":{"name":"(anonymous_0)","decl":{"start":{"line":4,"column":19},"end":{"line":4,"column":20}},"loc":{"start":{"line":4,"column":32},"end":{"line":42,"column":1}},"line":4},"1":{"name":"(anonymous_1)","decl":{"start":{"line":5,"column":24},"end":{"line":5,"column":25}},"loc":{"start":{"line":5,"column":37},"end":{"line":5,"column":111}},"line":5},"2":{"name":"(anonymous_2)","decl":{"start":{"line":17,"column":32},"end":{"line":17,"column":33}},"loc":{"start":{"line":18,"column":14},"end":{"line":20,"column":31}},"line":18}},"branchMap":{},"s":{"0":4,"1":1,"2":1,"3":1,"4":3,"5":4},"f":{"0":1,"1":1,"2":3},"b":{},"_coverageSchema":"1a1c01bbd47fc00a2c39e90264f33305004495a9","hash":"49712a9d7d0569dfd1ae18d1db609f9e6c845c34"}
,"C:\\Users\\user\\Documents\\GitHub\\936943-what-to-watch-4 — 7-3\\src\\components\\full-screen-video\\full-screen-video.jsx": {"path":"C:\\Users\\user\\Documents\\GitHub\\936943-what-to-watch-4 — 7-3\\src\\components\\full-screen-video\\full-screen-video.jsx","statementMap":{"0":{"start":{"line":7,"column":24},"end":{"line":71,"column":1}},"1":{"start":{"line":8,"column":19},"end":{"line":8,"column":38}},"2":{"start":{"line":9,"column":18},"end":{"line":9,"column":43}},"3":{"start":{"line":11,"column":22},"end":{"line":16,"column":3}},"4":{"start":{"line":12,"column":4},"end":{"line":15,"column":10}},"5":{"start":{"line":18,"column":21},"end":{"line":25,"column":3}},"6":{"start":{"line":19,"column":4},"end":{"line":24,"column":7}},"7":{"start":{"line":26,"column":23},"end":{"line":26,"column":63}},"8":{"start":{"line":28,"column":2},"end":{"line":70,"column":4}},"9":{"start":{"line":33,"column":23},"end":{"line":33,"column":39}},"10":{"start":{"line":73,"column":0},"end":{"line":86,"column":2}}},"fnMap":{"0":{"name":"(anonymous_0)","decl":{"start":{"line":7,"column":24},"end":{"line":7,"column":25}},"loc":{"start":{"line":7,"column":122},"end":{"line":71,"column":1}},"line":7},"1":{"name":"(anonymous_1)","decl":{"start":{"line":11,"column":22},"end":{"line":11,"column":23}},"loc":{"start":{"line":12,"column":4},"end":{"line":15,"column":10}},"line":12},"2":{"name":"(anonymous_2)","decl":{"start":{"line":18,"column":21},"end":{"line":18,"column":22}},"loc":{"start":{"line":19,"column":4},"end":{"line":24,"column":7}},"line":19},"3":{"name":"(anonymous_3)","decl":{"start":{"line":33,"column":17},"end":{"line":33,"column":18}},"loc":{"start":{"line":33,"column":23},"end":{"line":33,"column":39}},"line":33}},"branchMap":{"0":{"loc":{"start":{"line":26,"column":23},"end":{"line":26,"column":63}},"type":"cond-expr","locations":[{"start":{"line":26,"column":35},"end":{"line":26,"column":48}},{"start":{"line":26,"column":51},"end":{"line":26,"column":63}}],"line":26}},"s":{"0":2,"1":1,"2":1,"3":1,"4":0,"5":1,"6":1,"7":1,"8":1,"9":0,"10":2},"f":{"0":1,"1":0,"2":1,"3":0},"b":{"0":[0,1]},"_coverageSchema":"1a1c01bbd47fc00a2c39e90264f33305004495a9","hash":"ecb46aa5661dfe687d6416d700ef67be4df6dc52"}
,"C:\\Users\\user\\Documents\\GitHub\\936943-what-to-watch-4 — 7-3\\src\\components\\genres-list\\genres-list.jsx": {"path":"C:\\Users\\user\\Documents\\GitHub\\936943-what-to-watch-4 — 7-3\\src\\components\\genres-list\\genres-list.jsx","statementMap":{"0":{"start":{"line":5,"column":19},"end":{"line":36,"column":1}},"1":{"start":{"line":6,"column":29},"end":{"line":11,"column":3}},"2":{"start":{"line":7,"column":4},"end":{"line":10,"column":6}},"3":{"start":{"line":8,"column":6},"end":{"line":8,"column":27}},"4":{"start":{"line":9,"column":6},"end":{"line":9,"column":28}},"5":{"start":{"line":13,"column":26},"end":{"line":24,"column":3}},"6":{"start":{"line":14,"column":21},"end":{"line":14,"column":30}},"7":{"start":{"line":15,"column":27},"end":{"line":15,"column":128}},"8":{"start":{"line":17,"column":4},"end":{"line":23,"column":6}},"9":{"start":{"line":26,"column":23},"end":{"line":28,"column":4}},"10":{"start":{"line":26,"column":35},"end":{"line":28,"column":4}},"11":{"start":{"line":27,"column":4},"end":{"line":27,"column":37}},"12":{"start":{"line":30,"column":2},"end":{"line":34,"column":4}},"13":{"start":{"line":38,"column":0},"end":{"line":42,"column":2}}},"fnMap":{"0":{"name":"(anonymous_0)","decl":{"start":{"line":5,"column":19},"end":{"line":5,"column":20}},"loc":{"start":{"line":5,"column":67},"end":{"line":36,"column":1}},"line":5},"1":{"name":"(anonymous_1)","decl":{"start":{"line":6,"column":29},"end":{"line":6,"column":30}},"loc":{"start":{"line":6,"column":40},"end":{"line":11,"column":3}},"line":6},"2":{"name":"(anonymous_2)","decl":{"start":{"line":7,"column":11},"end":{"line":7,"column":12}},"loc":{"start":{"line":7,"column":20},"end":{"line":10,"column":5}},"line":7},"3":{"name":"(anonymous_3)","decl":{"start":{"line":13,"column":26},"end":{"line":13,"column":27}},"loc":{"start":{"line":13,"column":40},"end":{"line":24,"column":3}},"line":13},"4":{"name":"(anonymous_4)","decl":{"start":{"line":26,"column":23},"end":{"line":26,"column":24}},"loc":{"start":{"line":26,"column":35},"end":{"line":28,"column":4}},"line":26},"5":{"name":"(anonymous_5)","decl":{"start":{"line":26,"column":46},"end":{"line":26,"column":47}},"loc":{"start":{"line":26,"column":60},"end":{"line":28,"column":3}},"line":26}},"branchMap":{"0":{"loc":{"start":{"line":15,"column":27},"end":{"line":15,"column":128}},"type":"cond-expr","locations":[{"start":{"line":15,"column":52},"end":{"line":15,"column":103}},{"start":{"line":15,"column":106},"end":{"line":15,"column":128}}],"line":15}},"s":{"0":5,"1":4,"2":16,"3":6,"4":6,"5":4,"6":16,"7":16,"8":16,"9":4,"10":4,"11":16,"12":4,"13":5},"f":{"0":4,"1":16,"2":6,"3":16,"4":4,"5":16},"b":{"0":[4,12]},"_coverageSchema":"1a1c01bbd47fc00a2c39e90264f33305004495a9","hash":"986cfd4611eb71ada3712069920a5742e7289991"}
,"C:\\Users\\user\\Documents\\GitHub\\936943-what-to-watch-4 — 7-3\\src\\components\\header\\header.jsx": {"path":"C:\\Users\\user\\Documents\\GitHub\\936943-what-to-watch-4 — 7-3\\src\\components\\header\\header.jsx","statementMap":{"0":{"start":{"line":12,"column":15},"end":{"line":45,"column":1}},"1":{"start":{"line":14,"column":19},"end":{"line":24,"column":11}},"2":{"start":{"line":26,"column":20},"end":{"line":26,"column":45}},"3":{"start":{"line":28,"column":2},"end":{"line":44,"column":4}},"4":{"start":{"line":47,"column":0},"end":{"line":56,"column":2}},"5":{"start":{"line":58,"column":24},"end":{"line":60,"column":2}},"6":{"start":{"line":58,"column":36},"end":{"line":60,"column":1}},"7":{"start":{"line":62,"column":27},"end":{"line":66,"column":2}},"8":{"start":{"line":62,"column":42},"end":{"line":66,"column":1}},"9":{"start":{"line":64,"column":4},"end":{"line":64,"column":41}}},"fnMap":{"0":{"name":"(anonymous_0)","decl":{"start":{"line":12,"column":15},"end":{"line":12,"column":16}},"loc":{"start":{"line":12,"column":74},"end":{"line":45,"column":1}},"line":12},"1":{"name":"(anonymous_1)","decl":{"start":{"line":58,"column":24},"end":{"line":58,"column":25}},"loc":{"start":{"line":58,"column":36},"end":{"line":60,"column":1}},"line":58},"2":{"name":"(anonymous_2)","decl":{"start":{"line":62,"column":27},"end":{"line":62,"column":28}},"loc":{"start":{"line":62,"column":42},"end":{"line":66,"column":1}},"line":62},"3":{"name":"(anonymous_3)","decl":{"start":{"line":63,"column":2},"end":{"line":63,"column":3}},"loc":{"start":{"line":63,"column":18},"end":{"line":65,"column":3}},"line":63}},"branchMap":{"0":{"loc":{"start":{"line":14,"column":19},"end":{"line":24,"column":11}},"type":"cond-expr","locations":[{"start":{"line":15,"column":4},"end":{"line":21,"column":11}},{"start":{"line":22,"column":4},"end":{"line":24,"column":11}}],"line":14}},"s":{"0":7,"1":6,"2":6,"3":6,"4":7,"5":7,"6":5,"7":7,"8":5,"9":0},"f":{"0":6,"1":5,"2":5,"3":0},"b":{"0":[2,4]},"_coverageSchema":"1a1c01bbd47fc00a2c39e90264f33305004495a9","hash":"a9a5b59ea59b8efec8532cf47b67109754d7e065"}
,"C:\\Users\\user\\Documents\\GitHub\\936943-what-to-watch-4 — 7-3\\src\\components\\main\\main.jsx": {"path":"C:\\Users\\user\\Documents\\GitHub\\936943-what-to-watch-4 — 7-3\\src\\components\\main\\main.jsx","statementMap":{"0":{"start":{"line":21,"column":13},"end":{"line":129,"column":1}},"1":{"start":{"line":33,"column":25},"end":{"line":33,"column":59}},"2":{"start":{"line":34,"column":27},"end":{"line":36,"column":9}},"3":{"start":{"line":38,"column":19},"end":{"line":44,"column":10}},"4":{"start":{"line":46,"column":26},"end":{"line":46,"column":55}},"5":{"start":{"line":46,"column":32},"end":{"line":46,"column":55}},"6":{"start":{"line":48,"column":22},"end":{"line":48,"column":114}},"7":{"start":{"line":48,"column":28},"end":{"line":48,"column":114}},"8":{"start":{"line":50,"column":2},"end":{"line":128,"column":4}},"9":{"start":{"line":131,"column":0},"end":{"line":155,"column":2}},"10":{"start":{"line":157,"column":24},"end":{"line":164,"column":2}},"11":{"start":{"line":157,"column":36},"end":{"line":164,"column":1}},"12":{"start":{"line":166,"column":27},"end":{"line":180,"column":2}},"13":{"start":{"line":166,"column":42},"end":{"line":180,"column":1}},"14":{"start":{"line":168,"column":4},"end":{"line":168,"column":52}},"15":{"start":{"line":169,"column":4},"end":{"line":169,"column":53}},"16":{"start":{"line":172,"column":4},"end":{"line":172,"column":45}},"17":{"start":{"line":175,"column":4},"end":{"line":175,"column":50}},"18":{"start":{"line":178,"column":4},"end":{"line":178,"column":55}}},"fnMap":{"0":{"name":"(anonymous_0)","decl":{"start":{"line":21,"column":13},"end":{"line":21,"column":14}},"loc":{"start":{"line":31,"column":14},"end":{"line":129,"column":1}},"line":31},"1":{"name":"(anonymous_1)","decl":{"start":{"line":46,"column":26},"end":{"line":46,"column":27}},"loc":{"start":{"line":46,"column":32},"end":{"line":46,"column":55}},"line":46},"2":{"name":"(anonymous_2)","decl":{"start":{"line":48,"column":22},"end":{"line":48,"column":23}},"loc":{"start":{"line":48,"column":28},"end":{"line":48,"column":114}},"line":48},"3":{"name":"(anonymous_3)","decl":{"start":{"line":157,"column":24},"end":{"line":157,"column":25}},"loc":{"start":{"line":157,"column":36},"end":{"line":164,"column":1}},"line":157},"4":{"name":"(anonymous_4)","decl":{"start":{"line":166,"column":27},"end":{"line":166,"column":28}},"loc":{"start":{"line":166,"column":42},"end":{"line":180,"column":1}},"line":166},"5":{"name":"(anonymous_5)","decl":{"start":{"line":167,"column":2},"end":{"line":167,"column":3}},"loc":{"start":{"line":167,"column":24},"end":{"line":170,"column":3}},"line":167},"6":{"name":"(anonymous_6)","decl":{"start":{"line":171,"column":2},"end":{"line":171,"column":3}},"loc":{"start":{"line":171,"column":18},"end":{"line":173,"column":3}},"line":171},"7":{"name":"(anonymous_7)","decl":{"start":{"line":174,"column":2},"end":{"line":174,"column":3}},"loc":{"start":{"line":174,"column":22},"end":{"line":176,"column":3}},"line":174},"8":{"name":"(anonymous_8)","decl":{"start":{"line":177,"column":2},"end":{"line":177,"column":3}},"loc":{"start":{"line":177,"column":21},"end":{"line":179,"column":3}},"line":177}},"branchMap":{"0":{"loc":{"start":{"line":34,"column":27},"end":{"line":36,"column":9}},"type":"cond-expr","locations":[{"start":{"line":34,"column":63},"end":{"line":36,"column":4}},{"start":{"line":36,"column":7},"end":{"line":36,"column":9}}],"line":34},"1":{"loc":{"start":{"line":38,"column":19},"end":{"line":44,"column":10}},"type":"cond-expr","locations":[{"start":{"line":39,"column":4},"end":{"line":41,"column":10}},{"start":{"line":42,"column":4},"end":{"line":44,"column":10}}],"line":38},"2":{"loc":{"start":{"line":48,"column":28},"end":{"line":48,"column":114}},"type":"cond-expr","locations":[{"start":{"line":48,"column":66},"end":{"line":48,"column":83}},{"start":{"line":48,"column":86},"end":{"line":48,"column":114}}],"line":48}},"s":{"0":3,"1":2,"2":2,"3":2,"4":2,"5":0,"6":2,"7":0,"8":2,"9":3,"10":3,"11":2,"12":3,"13":2,"14":0,"15":0,"16":0,"17":0,"18":0},"f":{"0":2,"1":0,"2":0,"3":2,"4":2,"5":0,"6":0,"7":0,"8":0},"b":{"0":[0,2],"1":[0,2],"2":[0,0]},"_coverageSchema":"1a1c01bbd47fc00a2c39e90264f33305004495a9","hash":"3b590b77dd5dcd8419e7404bef636f01d01c5880"}
,"C:\\Users\\user\\Documents\\GitHub\\936943-what-to-watch-4 — 7-3\\src\\components\\movie-page\\movie-page.jsx": {"path":"C:\\Users\\user\\Documents\\GitHub\\936943-what-to-watch-4 — 7-3\\src\\components\\movie-page\\movie-page.jsx","statementMap":{"0":{"start":{"line":20,"column":30},"end":{"line":20,"column":31}},"1":{"start":{"line":22,"column":20},"end":{"line":22,"column":39}},"2":{"start":{"line":24,"column":25},"end":{"line":26,"column":1}},"3":{"start":{"line":25,"column":2},"end":{"line":25,"column":93}},"4":{"start":{"line":25,"column":33},"end":{"line":25,"column":59}},"5":{"start":{"line":28,"column":18},"end":{"line":118,"column":1}},"6":{"start":{"line":30,"column":16},"end":{"line":30,"column":40}},"7":{"start":{"line":32,"column":19},"end":{"line":38,"column":10}},"8":{"start":{"line":40,"column":22},"end":{"line":40,"column":114}},"9":{"start":{"line":40,"column":28},"end":{"line":40,"column":114}},"10":{"start":{"line":42,"column":26},"end":{"line":42,"column":50}},"11":{"start":{"line":42,"column":32},"end":{"line":42,"column":50}},"12":{"start":{"line":44,"column":2},"end":{"line":117,"column":4}},"13":{"start":{"line":120,"column":0},"end":{"line":166,"column":2}},"14":{"start":{"line":168,"column":24},"end":{"line":172,"column":2}},"15":{"start":{"line":168,"column":36},"end":{"line":172,"column":1}},"16":{"start":{"line":174,"column":27},"end":{"line":181,"column":2}},"17":{"start":{"line":174,"column":42},"end":{"line":181,"column":1}},"18":{"start":{"line":176,"column":4},"end":{"line":176,"column":50}},"19":{"start":{"line":179,"column":4},"end":{"line":179,"column":55}}},"fnMap":{"0":{"name":"(anonymous_0)","decl":{"start":{"line":24,"column":25},"end":{"line":24,"column":26}},"loc":{"start":{"line":24,"column":44},"end":{"line":26,"column":1}},"line":24},"1":{"name":"(anonymous_1)","decl":{"start":{"line":25,"column":23},"end":{"line":25,"column":24}},"loc":{"start":{"line":25,"column":33},"end":{"line":25,"column":59}},"line":25},"2":{"name":"(anonymous_2)","decl":{"start":{"line":28,"column":18},"end":{"line":28,"column":19}},"loc":{"start":{"line":28,"column":80},"end":{"line":118,"column":1}},"line":28},"3":{"name":"(anonymous_3)","decl":{"start":{"line":40,"column":22},"end":{"line":40,"column":23}},"loc":{"start":{"line":40,"column":28},"end":{"line":40,"column":114}},"line":40},"4":{"name":"(anonymous_4)","decl":{"start":{"line":42,"column":26},"end":{"line":42,"column":27}},"loc":{"start":{"line":42,"column":32},"end":{"line":42,"column":50}},"line":42},"5":{"name":"(anonymous_5)","decl":{"start":{"line":168,"column":24},"end":{"line":168,"column":25}},"loc":{"start":{"line":168,"column":36},"end":{"line":172,"column":1}},"line":168},"6":{"name":"(anonymous_6)","decl":{"start":{"line":174,"column":27},"end":{"line":174,"column":28}},"loc":{"start":{"line":174,"column":42},"end":{"line":181,"column":1}},"line":174},"7":{"name":"(anonymous_7)","decl":{"start":{"line":175,"column":2},"end":{"line":175,"column":3}},"loc":{"start":{"line":175,"column":22},"end":{"line":177,"column":3}},"line":175},"8":{"name":"(anonymous_8)","decl":{"start":{"line":178,"column":2},"end":{"line":178,"column":3}},"loc":{"start":{"line":178,"column":21},"end":{"line":180,"column":3}},"line":178}},"branchMap":{"0":{"loc":{"start":{"line":32,"column":19},"end":{"line":38,"column":10}},"type":"cond-expr","locations":[{"start":{"line":33,"column":4},"end":{"line":35,"column":10}},{"start":{"line":36,"column":4},"end":{"line":38,"column":10}}],"line":32},"1":{"loc":{"start":{"line":40,"column":28},"end":{"line":40,"column":114}},"type":"cond-expr","locations":[{"start":{"line":40,"column":66},"end":{"line":40,"column":83}},{"start":{"line":40,"column":86},"end":{"line":40,"column":114}}],"line":40}},"s":{"0":2,"1":2,"2":2,"3":1,"4":8,"5":2,"6":1,"7":1,"8":1,"9":0,"10":1,"11":0,"12":1,"13":2,"14":2,"15":1,"16":2,"17":1,"18":0,"19":0},"f":{"0":1,"1":8,"2":1,"3":0,"4":0,"5":1,"6":1,"7":0,"8":0},"b":{"0":[0,1],"1":[0,0]},"_coverageSchema":"1a1c01bbd47fc00a2c39e90264f33305004495a9","hash":"b59255eb2693412afc1bc0e4ea4e4d4329525d82"}
,"C:\\Users\\user\\Documents\\GitHub\\936943-what-to-watch-4 — 7-3\\src\\components\\movies-list\\movies-list.jsx": {"path":"C:\\Users\\user\\Documents\\GitHub\\936943-what-to-watch-4 — 7-3\\src\\components\\movies-list\\movies-list.jsx","statementMap":{"0":{"start":{"line":7,"column":25},"end":{"line":7,"column":51}},"1":{"start":{"line":9,"column":19},"end":{"line":30,"column":1}},"2":{"start":{"line":11,"column":19},"end":{"line":21,"column":3}},"3":{"start":{"line":12,"column":21},"end":{"line":12,"column":42}},"4":{"start":{"line":14,"column":4},"end":{"line":20,"column":6}},"5":{"start":{"line":23,"column":23},"end":{"line":23,"column":87}},"6":{"start":{"line":23,"column":29},"end":{"line":23,"column":87}},"7":{"start":{"line":23,"column":54},"end":{"line":23,"column":86}},"8":{"start":{"line":25,"column":2},"end":{"line":29,"column":4}},"9":{"start":{"line":32,"column":0},"end":{"line":40,"column":2}}},"fnMap":{"0":{"name":"(anonymous_0)","decl":{"start":{"line":9,"column":19},"end":{"line":9,"column":20}},"loc":{"start":{"line":9,"column":47},"end":{"line":30,"column":1}},"line":9},"1":{"name":"(anonymous_1)","decl":{"start":{"line":11,"column":19},"end":{"line":11,"column":20}},"loc":{"start":{"line":11,"column":33},"end":{"line":21,"column":3}},"line":11},"2":{"name":"(anonymous_2)","decl":{"start":{"line":23,"column":23},"end":{"line":23,"column":24}},"loc":{"start":{"line":23,"column":29},"end":{"line":23,"column":87}},"line":23},"3":{"name":"(anonymous_3)","decl":{"start":{"line":23,"column":40},"end":{"line":23,"column":41}},"loc":{"start":{"line":23,"column":54},"end":{"line":23,"column":86}},"line":23}},"branchMap":{},"s":{"0":6,"1":6,"2":5,"3":32,"4":32,"5":5,"6":5,"7":32,"8":5,"9":6},"f":{"0":5,"1":32,"2":5,"3":32},"b":{},"_coverageSchema":"1a1c01bbd47fc00a2c39e90264f33305004495a9","hash":"e4b1918db3fd15cace21c6decb1873071efb56e9"}
,"C:\\Users\\user\\Documents\\GitHub\\936943-what-to-watch-4 — 7-3\\src\\components\\my-list\\my-list.jsx": {"path":"C:\\Users\\user\\Documents\\GitHub\\936943-what-to-watch-4 — 7-3\\src\\components\\my-list\\my-list.jsx","statementMap":{"0":{"start":{"line":11,"column":15},"end":{"line":45,"column":1}},"1":{"start":{"line":12,"column":22},"end":{"line":12,"column":78}},"2":{"start":{"line":14,"column":2},"end":{"line":44,"column":4}},"3":{"start":{"line":47,"column":0},"end":{"line":55,"column":2}},"4":{"start":{"line":57,"column":24},"end":{"line":59,"column":2}},"5":{"start":{"line":57,"column":36},"end":{"line":59,"column":1}},"6":{"start":{"line":61,"column":27},"end":{"line":65,"column":2}},"7":{"start":{"line":61,"column":42},"end":{"line":65,"column":1}},"8":{"start":{"line":63,"column":4},"end":{"line":63,"column":50}}},"fnMap":{"0":{"name":"(anonymous_0)","decl":{"start":{"line":11,"column":15},"end":{"line":11,"column":16}},"loc":{"start":{"line":11,"column":43},"end":{"line":45,"column":1}},"line":11},"1":{"name":"(anonymous_1)","decl":{"start":{"line":57,"column":24},"end":{"line":57,"column":25}},"loc":{"start":{"line":57,"column":36},"end":{"line":59,"column":1}},"line":57},"2":{"name":"(anonymous_2)","decl":{"start":{"line":61,"column":27},"end":{"line":61,"column":28}},"loc":{"start":{"line":61,"column":42},"end":{"line":65,"column":1}},"line":61},"3":{"name":"(anonymous_3)","decl":{"start":{"line":62,"column":2},"end":{"line":62,"column":3}},"loc":{"start":{"line":62,"column":22},"end":{"line":64,"column":3}},"line":62}},"branchMap":{},"s":{"0":2,"1":1,"2":1,"3":2,"4":2,"5":1,"6":2,"7":1,"8":0},"f":{"0":1,"1":1,"2":1,"3":0},"b":{},"_coverageSchema":"1a1c01bbd47fc00a2c39e90264f33305004495a9","hash":"908a24400c001e1569036c17c8f0f25495359831"}
,"C:\\Users\\user\\Documents\\GitHub\\936943-what-to-watch-4 — 7-3\\src\\components\\overview-tab\\overview-tab.jsx": {"path":"C:\\Users\\user\\Documents\\GitHub\\936943-what-to-watch-4 — 7-3\\src\\components\\overview-tab\\overview-tab.jsx","statementMap":{"0":{"start":{"line":4,"column":20},"end":{"line":24,"column":1}},"1":{"start":{"line":5,"column":2},"end":{"line":23,"column":4}},"2":{"start":{"line":26,"column":0},"end":{"line":43,"column":2}}},"fnMap":{"0":{"name":"(anonymous_0)","decl":{"start":{"line":4,"column":20},"end":{"line":4,"column":21}},"loc":{"start":{"line":4,"column":33},"end":{"line":24,"column":1}},"line":4}},"branchMap":{},"s":{"0":4,"1":3,"2":4},"f":{"0":3},"b":{},"_coverageSchema":"1a1c01bbd47fc00a2c39e90264f33305004495a9","hash":"f419b9de79ba3d5fa4a3851f394f44b89435bd96"}
,"C:\\Users\\user\\Documents\\GitHub\\936943-what-to-watch-4 — 7-3\\src\\components\\plug\\plug.jsx": {"path":"C:\\Users\\user\\Documents\\GitHub\\936943-what-to-watch-4 — 7-3\\src\\components\\plug\\plug.jsx","statementMap":{"0":{"start":{"line":4,"column":23},"end":{"line":7,"column":1}},"1":{"start":{"line":9,"column":13},"end":{"line":31,"column":1}},"2":{"start":{"line":11,"column":2},"end":{"line":30,"column":4}},"3":{"start":{"line":33,"column":0},"end":{"line":35,"column":2}}},"fnMap":{"0":{"name":"(anonymous_0)","decl":{"start":{"line":9,"column":13},"end":{"line":9,"column":14}},"loc":{"start":{"line":9,"column":28},"end":{"line":31,"column":1}},"line":9}},"branchMap":{},"s":{"0":2,"1":2,"2":1,"3":2},"f":{"0":1},"b":{},"_coverageSchema":"1a1c01bbd47fc00a2c39e90264f33305004495a9","hash":"5c4737f4d023e1fe2251ff7bbd7c70f3ad3d0be9"}
,"C:\\Users\\user\\Documents\\GitHub\\936943-what-to-watch-4 — 7-3\\src\\components\\reviews-tab\\reviews-tab.jsx": {"path":"C:\\Users\\user\\Documents\\GitHub\\936943-what-to-watch-4 — 7-3\\src\\components\\reviews-tab\\reviews-tab.jsx","statementMap":{"0":{"start":{"line":5,"column":19},"end":{"line":40,"column":1}},"1":{"start":{"line":6,"column":24},"end":{"line":23,"column":3}},"2":{"start":{"line":7,"column":22},"end":{"line":7,"column":31}},"3":{"start":{"line":9,"column":4},"end":{"line":22,"column":6}},"4":{"start":{"line":25,"column":29},"end":{"line":25,"column":70}},"5":{"start":{"line":25,"column":43},"end":{"line":25,"column":70}},"6":{"start":{"line":27,"column":29},"end":{"line":27,"column":85}},"7":{"start":{"line":28,"column":30},"end":{"line":28,"column":99}},"8":{"start":{"line":30,"column":2},"end":{"line":39,"column":4}},"9":{"start":{"line":43,"column":0},"end":{"line":53,"column":2}}},"fnMap":{"0":{"name":"(anonymous_0)","decl":{"start":{"line":5,"column":19},"end":{"line":5,"column":20}},"loc":{"start":{"line":5,"column":34},"end":{"line":40,"column":1}},"line":5},"1":{"name":"(anonymous_1)","decl":{"start":{"line":6,"column":24},"end":{"line":6,"column":25}},"loc":{"start":{"line":6,"column":36},"end":{"line":23,"column":3}},"line":6},"2":{"name":"(anonymous_2)","decl":{"start":{"line":25,"column":29},"end":{"line":25,"column":30}},"loc":{"start":{"line":25,"column":43},"end":{"line":25,"column":70}},"line":25}},"branchMap":{},"s":{"0":4,"1":1,"2":2,"3":2,"4":1,"5":2,"6":1,"7":1,"8":1,"9":4},"f":{"0":1,"1":2,"2":2},"b":{},"_coverageSchema":"1a1c01bbd47fc00a2c39e90264f33305004495a9","hash":"52d9ee30c530d54db9c5224a1322ee1a71d27a91"}
,"C:\\Users\\user\\Documents\\GitHub\\936943-what-to-watch-4 — 7-3\\src\\components\\show-more-button\\show-more-button.jsx": {"path":"C:\\Users\\user\\Documents\\GitHub\\936943-what-to-watch-4 — 7-3\\src\\components\\show-more-button\\show-more-button.jsx","statementMap":{"0":{"start":{"line":4,"column":23},"end":{"line":12,"column":1}},"1":{"start":{"line":5,"column":2},"end":{"line":11,"column":4}},"2":{"start":{"line":14,"column":0},"end":{"line":16,"column":2}}},"fnMap":{"0":{"name":"(anonymous_0)","decl":{"start":{"line":4,"column":23},"end":{"line":4,"column":24}},"loc":{"start":{"line":4,"column":44},"end":{"line":12,"column":1}},"line":4}},"branchMap":{},"s":{"0":4,"1":1,"2":4},"f":{"0":1},"b":{},"_coverageSchema":"1a1c01bbd47fc00a2c39e90264f33305004495a9","hash":"b16f72512c9cfc1f56efa2cbf323c111b2576a24"}
,"C:\\Users\\user\\Documents\\GitHub\\936943-what-to-watch-4 — 7-3\\src\\components\\sign-in\\sign-in.jsx": {"path":"C:\\Users\\user\\Documents\\GitHub\\936943-what-to-watch-4 — 7-3\\src\\components\\sign-in\\sign-in.jsx","statementMap":{"0":{"start":{"line":14,"column":4},"end":{"line":14,"column":17}},"1":{"start":{"line":16,"column":4},"end":{"line":16,"column":32}},"2":{"start":{"line":17,"column":4},"end":{"line":17,"column":35}},"3":{"start":{"line":19,"column":4},"end":{"line":19,"column":55}},"4":{"start":{"line":23,"column":23},"end":{"line":23,"column":33}},"5":{"start":{"line":25,"column":4},"end":{"line":25,"column":25}},"6":{"start":{"line":27,"column":4},"end":{"line":30,"column":7}},"7":{"start":{"line":34,"column":4},"end":{"line":36,"column":6}},"8":{"start":{"line":40,"column":47},"end":{"line":40,"column":57}},"9":{"start":{"line":41,"column":25},"end":{"line":41,"column":73}},"10":{"start":{"line":43,"column":4},"end":{"line":45,"column":5}},"11":{"start":{"line":44,"column":6},"end":{"line":44,"column":45}},"12":{"start":{"line":48,"column":4},"end":{"line":115,"column":6}},"13":{"start":{"line":119,"column":0},"end":{"line":123,"column":2}},"14":{"start":{"line":126,"column":24},"end":{"line":129,"column":2}},"15":{"start":{"line":126,"column":36},"end":{"line":129,"column":1}},"16":{"start":{"line":131,"column":27},"end":{"line":135,"column":2}},"17":{"start":{"line":131,"column":42},"end":{"line":135,"column":1}},"18":{"start":{"line":133,"column":4},"end":{"line":133,"column":44}}},"fnMap":{"0":{"name":"(anonymous_0)","decl":{"start":{"line":13,"column":2},"end":{"line":13,"column":3}},"loc":{"start":{"line":13,"column":21},"end":{"line":20,"column":3}},"line":13},"1":{"name":"(anonymous_1)","decl":{"start":{"line":22,"column":2},"end":{"line":22,"column":3}},"loc":{"start":{"line":22,"column":21},"end":{"line":31,"column":3}},"line":22},"2":{"name":"(anonymous_2)","decl":{"start":{"line":33,"column":2},"end":{"line":33,"column":3}},"loc":{"start":{"line":33,"column":15},"end":{"line":37,"column":3}},"line":33},"3":{"name":"(anonymous_3)","decl":{"start":{"line":39,"column":2},"end":{"line":39,"column":3}},"loc":{"start":{"line":39,"column":11},"end":{"line":116,"column":3}},"line":39},"4":{"name":"(anonymous_4)","decl":{"start":{"line":126,"column":24},"end":{"line":126,"column":25}},"loc":{"start":{"line":126,"column":36},"end":{"line":129,"column":1}},"line":126},"5":{"name":"(anonymous_5)","decl":{"start":{"line":131,"column":27},"end":{"line":131,"column":28}},"loc":{"start":{"line":131,"column":42},"end":{"line":135,"column":1}},"line":131},"6":{"name":"(anonymous_6)","decl":{"start":{"line":132,"column":2},"end":{"line":132,"column":3}},"loc":{"start":{"line":132,"column":18},"end":{"line":134,"column":3}},"line":132}},"branchMap":{"0":{"loc":{"start":{"line":43,"column":4},"end":{"line":45,"column":5}},"type":"if","locations":[{"start":{"line":43,"column":4},"end":{"line":45,"column":5}},{"start":{"line":43,"column":4},"end":{"line":45,"column":5}}],"line":43},"1":{"loc":{"start":{"line":69,"column":13},"end":{"line":69,"column":45}},"type":"binary-expr","locations":[{"start":{"line":69,"column":13},"end":{"line":69,"column":24}},{"start":{"line":69,"column":28},"end":{"line":69,"column":45}}],"line":69}},"s":{"0":1,"1":1,"2":1,"3":1,"4":0,"5":0,"6":0,"7":0,"8":1,"9":1,"10":1,"11":0,"12":1,"13":2,"14":2,"15":1,"16":2,"17":1,"18":0},"f":{"0":1,"1":0,"2":0,"3":1,"4":1,"5":1,"6":0},"b":{"0":[0,1],"1":[1,0]},"_coverageSchema":"1a1c01bbd47fc00a2c39e90264f33305004495a9","hash":"3a77136748824ad8ea2b1017b37c9dcfe836d2c0"}
,"C:\\Users\\user\\Documents\\GitHub\\936943-what-to-watch-4 — 7-3\\src\\components\\small-card\\small-card.jsx": {"path":"C:\\Users\\user\\Documents\\GitHub\\936943-what-to-watch-4 — 7-3\\src\\components\\small-card\\small-card.jsx","statementMap":{"0":{"start":{"line":10,"column":4},"end":{"line":10,"column":17}},"1":{"start":{"line":12,"column":4},"end":{"line":12,"column":63}},"2":{"start":{"line":16,"column":34},"end":{"line":16,"column":44}},"3":{"start":{"line":18,"column":4},"end":{"line":18,"column":25}},"4":{"start":{"line":19,"column":4},"end":{"line":19,"column":24}},"5":{"start":{"line":23,"column":62},"end":{"line":23,"column":72}},"6":{"start":{"line":25,"column":4},"end":{"line":46,"column":6}},"7":{"start":{"line":50,"column":0},"end":{"line":61,"column":2}}},"fnMap":{"0":{"name":"(anonymous_0)","decl":{"start":{"line":9,"column":2},"end":{"line":9,"column":3}},"loc":{"start":{"line":9,"column":21},"end":{"line":13,"column":3}},"line":9},"1":{"name":"(anonymous_1)","decl":{"start":{"line":15,"column":2},"end":{"line":15,"column":3}},"loc":{"start":{"line":15,"column":25},"end":{"line":20,"column":3}},"line":15},"2":{"name":"(anonymous_2)","decl":{"start":{"line":22,"column":2},"end":{"line":22,"column":3}},"loc":{"start":{"line":22,"column":11},"end":{"line":47,"column":3}},"line":22}},"branchMap":{},"s":{"0":33,"1":33,"2":0,"3":0,"4":0,"5":33,"6":33,"7":7},"f":{"0":33,"1":0,"2":33},"b":{},"_coverageSchema":"1a1c01bbd47fc00a2c39e90264f33305004495a9","hash":"fe01652580aae075ff4f1b9b7007a206e1b23373"}
,"C:\\Users\\user\\Documents\\GitHub\\936943-what-to-watch-4 — 7-3\\src\\components\\tabs\\tabs.jsx": {"path":"C:\\Users\\user\\Documents\\GitHub\\936943-what-to-watch-4 — 7-3\\src\\components\\tabs\\tabs.jsx","statementMap":{"0":{"start":{"line":9,"column":18},"end":{"line":26,"column":1}},"1":{"start":{"line":10,"column":19},"end":{"line":23,"column":3}},"2":{"start":{"line":25,"column":2},"end":{"line":25,"column":30}},"3":{"start":{"line":28,"column":13},"end":{"line":64,"column":1}},"4":{"start":{"line":29,"column":20},"end":{"line":29,"column":42}},"5":{"start":{"line":31,"column":26},"end":{"line":36,"column":3}},"6":{"start":{"line":32,"column":4},"end":{"line":35,"column":6}},"7":{"start":{"line":33,"column":6},"end":{"line":33,"column":27}},"8":{"start":{"line":34,"column":6},"end":{"line":34,"column":24}},"9":{"start":{"line":38,"column":24},"end":{"line":49,"column":3}},"10":{"start":{"line":39,"column":25},"end":{"line":39,"column":98}},"11":{"start":{"line":40,"column":19},"end":{"line":40,"column":28}},"12":{"start":{"line":42,"column":4},"end":{"line":48,"column":6}},"13":{"start":{"line":51,"column":19},"end":{"line":51,"column":47}},"14":{"start":{"line":53,"column":2},"end":{"line":63,"column":4}},"15":{"start":{"line":66,"column":0},"end":{"line":95,"column":2}}},"fnMap":{"0":{"name":"(anonymous_0)","decl":{"start":{"line":9,"column":18},"end":{"line":9,"column":19}},"loc":{"start":{"line":9,"column":50},"end":{"line":26,"column":1}},"line":9},"1":{"name":"(anonymous_1)","decl":{"start":{"line":28,"column":13},"end":{"line":28,"column":14}},"loc":{"start":{"line":28,"column":58},"end":{"line":64,"column":1}},"line":28},"2":{"name":"(anonymous_2)","decl":{"start":{"line":31,"column":26},"end":{"line":31,"column":27}},"loc":{"start":{"line":31,"column":37},"end":{"line":36,"column":3}},"line":31},"3":{"name":"(anonymous_3)","decl":{"start":{"line":32,"column":11},"end":{"line":32,"column":12}},"loc":{"start":{"line":32,"column":20},"end":{"line":35,"column":5}},"line":32},"4":{"name":"(anonymous_4)","decl":{"start":{"line":38,"column":24},"end":{"line":38,"column":25}},"loc":{"start":{"line":38,"column":38},"end":{"line":49,"column":3}},"line":38}},"branchMap":{"0":{"loc":{"start":{"line":39,"column":44},"end":{"line":39,"column":96}},"type":"cond-expr","locations":[{"start":{"line":39,"column":66},"end":{"line":39,"column":91}},{"start":{"line":39,"column":94},"end":{"line":39,"column":96}}],"line":39}},"s":{"0":3,"1":2,"2":2,"3":3,"4":2,"5":2,"6":6,"7":0,"8":0,"9":2,"10":6,"11":6,"12":6,"13":2,"14":2,"15":3},"f":{"0":2,"1":2,"2":6,"3":0,"4":6},"b":{"0":[2,4]},"_coverageSchema":"1a1c01bbd47fc00a2c39e90264f33305004495a9","hash":"8baf26085e7ec896220d7615d9d6319287ad268d"}
,"C:\\Users\\user\\Documents\\GitHub\\936943-what-to-watch-4 — 7-3\\src\\components\\video-player\\video-player.jsx": {"path":"C:\\Users\\user\\Documents\\GitHub\\936943-what-to-watch-4 — 7-3\\src\\components\\video-player\\video-player.jsx","statementMap":{"0":{"start":{"line":6,"column":4},"end":{"line":6,"column":17}},"1":{"start":{"line":8,"column":4},"end":{"line":8,"column":33}},"2":{"start":{"line":12,"column":33},"end":{"line":12,"column":43}},"3":{"start":{"line":13,"column":18},"end":{"line":13,"column":40}},"4":{"start":{"line":15,"column":4},"end":{"line":19,"column":5}},"5":{"start":{"line":16,"column":6},"end":{"line":16,"column":22}},"6":{"start":{"line":17,"column":6},"end":{"line":17,"column":28}},"7":{"start":{"line":18,"column":6},"end":{"line":18,"column":26}},"8":{"start":{"line":23,"column":18},"end":{"line":23,"column":40}},"9":{"start":{"line":25,"column":4},"end":{"line":29,"column":5}},"10":{"start":{"line":26,"column":6},"end":{"line":26,"column":21}},"11":{"start":{"line":27,"column":6},"end":{"line":27,"column":24}},"12":{"start":{"line":28,"column":6},"end":{"line":28,"column":25}},"13":{"start":{"line":33,"column":18},"end":{"line":33,"column":40}},"14":{"start":{"line":35,"column":23},"end":{"line":35,"column":73}},"15":{"start":{"line":37,"column":4},"end":{"line":37,"column":22}},"16":{"start":{"line":41,"column":33},"end":{"line":41,"column":43}},"17":{"start":{"line":43,"column":4},"end":{"line":51,"column":6}},"18":{"start":{"line":55,"column":0},"end":{"line":60,"column":2}}},"fnMap":{"0":{"name":"(anonymous_0)","decl":{"start":{"line":5,"column":2},"end":{"line":5,"column":3}},"loc":{"start":{"line":5,"column":21},"end":{"line":9,"column":3}},"line":5},"1":{"name":"(anonymous_1)","decl":{"start":{"line":11,"column":2},"end":{"line":11,"column":3}},"loc":{"start":{"line":11,"column":22},"end":{"line":20,"column":3}},"line":11},"2":{"name":"(anonymous_2)","decl":{"start":{"line":22,"column":2},"end":{"line":22,"column":3}},"loc":{"start":{"line":22,"column":25},"end":{"line":30,"column":3}},"line":22},"3":{"name":"(anonymous_3)","decl":{"start":{"line":32,"column":2},"end":{"line":32,"column":3}},"loc":{"start":{"line":32,"column":23},"end":{"line":38,"column":3}},"line":32},"4":{"name":"(anonymous_4)","decl":{"start":{"line":40,"column":2},"end":{"line":40,"column":3}},"loc":{"start":{"line":40,"column":11},"end":{"line":52,"column":3}},"line":40}},"branchMap":{"0":{"loc":{"start":{"line":15,"column":4},"end":{"line":19,"column":5}},"type":"if","locations":[{"start":{"line":15,"column":4},"end":{"line":19,"column":5}},{"start":{"line":15,"column":4},"end":{"line":19,"column":5}}],"line":15},"1":{"loc":{"start":{"line":25,"column":4},"end":{"line":29,"column":5}},"type":"if","locations":[{"start":{"line":25,"column":4},"end":{"line":29,"column":5}},{"start":{"line":25,"column":4},"end":{"line":29,"column":5}}],"line":25},"2":{"loc":{"start":{"line":35,"column":23},"end":{"line":35,"column":73}},"type":"cond-expr","locations":[{"start":{"line":35,"column":46},"end":{"line":35,"column":58}},{"start":{"line":35,"column":61},"end":{"line":35,"column":73}}],"line":35}},"s":{"0":36,"1":36,"2":36,"3":36,"4":36,"5":36,"6":36,"7":36,"8":0,"9":0,"10":0,"11":0,"12":0,"13":0,"14":0,"15":0,"16":36,"17":36,"18":9},"f":{"0":36,"1":36,"2":0,"3":0,"4":36},"b":{"0":[36,0],"1":[0,0],"2":[0,0]},"_coverageSchema":"1a1c01bbd47fc00a2c39e90264f33305004495a9","hash":"f0adbbda45613b1456e59844c6297756cef6bcf4"}
,"C:\\Users\\user\\Documents\\GitHub\\936943-what-to-watch-4 — 7-3\\src\\hocs\\with-active-tab.js": {"path":"C:\\Users\\user\\Documents\\GitHub\\936943-what-to-watch-4 — 7-3\\src\\hocs\\with-active-tab.js","statementMap":{"0":{"start":{"line":5,"column":22},"end":{"line":36,"column":1}},"1":{"start":{"line":8,"column":6},"end":{"line":8,"column":19}},"2":{"start":{"line":10,"column":6},"end":{"line":12,"column":8}},"3":{"start":{"line":14,"column":6},"end":{"line":14,"column":61}},"4":{"start":{"line":18,"column":6},"end":{"line":20,"column":9}},"5":{"start":{"line":24,"column":6},"end":{"line":31,"column":8}},"6":{"start":{"line":35,"column":2},"end":{"line":35,"column":23}}},"fnMap":{"0":{"name":"(anonymous_0)","decl":{"start":{"line":5,"column":22},"end":{"line":5,"column":23}},"loc":{"start":{"line":5,"column":37},"end":{"line":36,"column":1}},"line":5},"1":{"name":"(anonymous_1)","decl":{"start":{"line":7,"column":4},"end":{"line":7,"column":5}},"loc":{"start":{"line":7,"column":23},"end":{"line":15,"column":5}},"line":7},"2":{"name":"(anonymous_2)","decl":{"start":{"line":17,"column":4},"end":{"line":17,"column":5}},"loc":{"start":{"line":17,"column":25},"end":{"line":21,"column":5}},"line":17},"3":{"name":"(anonymous_3)","decl":{"start":{"line":23,"column":4},"end":{"line":23,"column":5}},"loc":{"start":{"line":23,"column":13},"end":{"line":32,"column":5}},"line":23}},"branchMap":{},"s":{"0":3,"1":3,"2":3,"3":3,"4":1,"5":4,"6":3},"f":{"0":3,"1":3,"2":1,"3":4},"b":{},"_coverageSchema":"1a1c01bbd47fc00a2c39e90264f33305004495a9","hash":"8c39b378ca89bba57fee512c4379194ac9395cef"}
,"C:\\Users\\user\\Documents\\GitHub\\936943-what-to-watch-4 — 7-3\\src\\hocs\\with-add-review.js": {"path":"C:\\Users\\user\\Documents\\GitHub\\936943-what-to-watch-4 — 7-3\\src\\hocs\\with-add-review.js","statementMap":{"0":{"start":{"line":4,"column":22},"end":{"line":4,"column":23}},"1":{"start":{"line":5,"column":27},"end":{"line":8,"column":1}},"2":{"start":{"line":10,"column":22},"end":{"line":76,"column":1}},"3":{"start":{"line":13,"column":6},"end":{"line":13,"column":19}},"4":{"start":{"line":15,"column":6},"end":{"line":19,"column":8}},"5":{"start":{"line":21,"column":6},"end":{"line":21,"column":65}},"6":{"start":{"line":22,"column":6},"end":{"line":22,"column":69}},"7":{"start":{"line":23,"column":6},"end":{"line":23,"column":71}},"8":{"start":{"line":27,"column":36},"end":{"line":27,"column":46}},"9":{"start":{"line":29,"column":6},"end":{"line":29,"column":27}},"10":{"start":{"line":31,"column":6},"end":{"line":34,"column":9}},"11":{"start":{"line":38,"column":6},"end":{"line":40,"column":9}},"12":{"start":{"line":44,"column":6},"end":{"line":47,"column":9}},"13":{"start":{"line":51,"column":6},"end":{"line":53,"column":7}},"14":{"start":{"line":52,"column":8},"end":{"line":52,"column":21}},"15":{"start":{"line":54,"column":6},"end":{"line":54,"column":18}},"16":{"start":{"line":58,"column":6},"end":{"line":64,"column":10}},"17":{"start":{"line":68,"column":2},"end":{"line":73,"column":4}},"18":{"start":{"line":75,"column":2},"end":{"line":75,"column":27}}},"fnMap":{"0":{"name":"(anonymous_0)","decl":{"start":{"line":10,"column":22},"end":{"line":10,"column":23}},"loc":{"start":{"line":10,"column":37},"end":{"line":76,"column":1}},"line":10},"1":{"name":"(anonymous_1)","decl":{"start":{"line":12,"column":4},"end":{"line":12,"column":5}},"loc":{"start":{"line":12,"column":23},"end":{"line":24,"column":5}},"line":12},"2":{"name":"(anonymous_2)","decl":{"start":{"line":26,"column":4},"end":{"line":26,"column":5}},"loc":{"start":{"line":26,"column":27},"end":{"line":35,"column":5}},"line":26},"3":{"name":"(anonymous_3)","decl":{"start":{"line":37,"column":4},"end":{"line":37,"column":5}},"loc":{"start":{"line":37,"column":29},"end":{"line":41,"column":5}},"line":37},"4":{"name":"(anonymous_4)","decl":{"start":{"line":43,"column":4},"end":{"line":43,"column":5}},"loc":{"start":{"line":43,"column":30},"end":{"line":48,"column":5}},"line":43},"5":{"name":"(anonymous_5)","decl":{"start":{"line":50,"column":4},"end":{"line":50,"column":5}},"loc":{"start":{"line":50,"column":26},"end":{"line":55,"column":5}},"line":50},"6":{"name":"(anonymous_6)","decl":{"start":{"line":57,"column":4},"end":{"line":57,"column":5}},"loc":{"start":{"line":57,"column":13},"end":{"line":65,"column":5}},"line":57}},"branchMap":{"0":{"loc":{"start":{"line":51,"column":6},"end":{"line":53,"column":7}},"type":"if","locations":[{"start":{"line":51,"column":6},"end":{"line":53,"column":7}},{"start":{"line":51,"column":6},"end":{"line":53,"column":7}}],"line":51},"1":{"loc":{"start":{"line":51,"column":10},"end":{"line":51,"column":74}},"type":"binary-expr","locations":[{"start":{"line":51,"column":10},"end":{"line":51,"column":40}},{"start":{"line":51,"column":44},"end":{"line":51,"column":74}}],"line":51}},"s":{"0":2,"1":2,"2":2,"3":0,"4":0,"5":0,"6":0,"7":0,"8":0,"9":0,"10":0,"11":0,"12":0,"13":0,"14":0,"15":0,"16":0,"17":1,"18":1},"f":{"0":1,"1":0,"2":0,"3":0,"4":0,"5":0,"6":0},"b":{"0":[0,0],"1":[0,0]},"_coverageSchema":"1a1c01bbd47fc00a2c39e90264f33305004495a9","hash":"b91580e3c633d8f91cdc65380d50699b72180953"}
,"C:\\Users\\user\\Documents\\GitHub\\936943-what-to-watch-4 — 7-3\\src\\hocs\\with-fullscreen-video.js": {"path":"C:\\Users\\user\\Documents\\GitHub\\936943-what-to-watch-4 — 7-3\\src\\hocs\\with-fullscreen-video.js","statementMap":{"0":{"start":{"line":4,"column":28},"end":{"line":117,"column":1}},"1":{"start":{"line":7,"column":6},"end":{"line":7,"column":19}},"2":{"start":{"line":9,"column":6},"end":{"line":9,"column":35}},"3":{"start":{"line":11,"column":6},"end":{"line":15,"column":8}},"4":{"start":{"line":17,"column":6},"end":{"line":17,"column":75}},"5":{"start":{"line":18,"column":6},"end":{"line":18,"column":77}},"6":{"start":{"line":22,"column":22},"end":{"line":22,"column":32}},"7":{"start":{"line":23,"column":20},"end":{"line":23,"column":42}},"8":{"start":{"line":25,"column":6},"end":{"line":31,"column":7}},"9":{"start":{"line":26,"column":8},"end":{"line":26,"column":30}},"10":{"start":{"line":27,"column":8},"end":{"line":27,"column":36}},"11":{"start":{"line":28,"column":8},"end":{"line":28,"column":21}},"12":{"start":{"line":29,"column":8},"end":{"line":29,"column":60}},"13":{"start":{"line":29,"column":35},"end":{"line":29,"column":59}},"14":{"start":{"line":30,"column":8},"end":{"line":30,"column":68}},"15":{"start":{"line":30,"column":39},"end":{"line":30,"column":67}},"16":{"start":{"line":35,"column":20},"end":{"line":35,"column":42}},"17":{"start":{"line":37,"column":6},"end":{"line":43,"column":7}},"18":{"start":{"line":38,"column":8},"end":{"line":38,"column":23}},"19":{"start":{"line":39,"column":8},"end":{"line":39,"column":26}},"20":{"start":{"line":40,"column":8},"end":{"line":40,"column":28}},"21":{"start":{"line":41,"column":8},"end":{"line":41,"column":34}},"22":{"start":{"line":42,"column":8},"end":{"line":42,"column":38}},"23":{"start":{"line":47,"column":20},"end":{"line":47,"column":42}},"24":{"start":{"line":49,"column":25},"end":{"line":49,"column":76}},"25":{"start":{"line":51,"column":6},"end":{"line":51,"column":24}},"26":{"start":{"line":55,"column":6},"end":{"line":57,"column":10}},"27":{"start":{"line":55,"column":36},"end":{"line":57,"column":7}},"28":{"start":{"line":61,"column":20},"end":{"line":61,"column":42}},"29":{"start":{"line":62,"column":6},"end":{"line":62,"column":32}},"30":{"start":{"line":66,"column":20},"end":{"line":66,"column":42}},"31":{"start":{"line":68,"column":6},"end":{"line":70,"column":9}},"32":{"start":{"line":74,"column":20},"end":{"line":74,"column":42}},"33":{"start":{"line":76,"column":6},"end":{"line":78,"column":9}},"34":{"start":{"line":82,"column":22},"end":{"line":82,"column":32}},"35":{"start":{"line":83,"column":46},"end":{"line":83,"column":56}},"36":{"start":{"line":85,"column":6},"end":{"line":104,"column":8}},"37":{"start":{"line":108,"column":2},"end":{"line":114,"column":4}},"38":{"start":{"line":116,"column":2},"end":{"line":116,"column":29}}},"fnMap":{"0":{"name":"(anonymous_0)","decl":{"start":{"line":4,"column":28},"end":{"line":4,"column":29}},"loc":{"start":{"line":4,"column":43},"end":{"line":117,"column":1}},"line":4},"1":{"name":"(anonymous_1)","decl":{"start":{"line":6,"column":4},"end":{"line":6,"column":5}},"loc":{"start":{"line":6,"column":23},"end":{"line":19,"column":5}},"line":6},"2":{"name":"(anonymous_2)","decl":{"start":{"line":21,"column":4},"end":{"line":21,"column":5}},"loc":{"start":{"line":21,"column":24},"end":{"line":32,"column":5}},"line":21},"3":{"name":"(anonymous_3)","decl":{"start":{"line":29,"column":29},"end":{"line":29,"column":30}},"loc":{"start":{"line":29,"column":35},"end":{"line":29,"column":59}},"line":29},"4":{"name":"(anonymous_4)","decl":{"start":{"line":30,"column":33},"end":{"line":30,"column":34}},"loc":{"start":{"line":30,"column":39},"end":{"line":30,"column":67}},"line":30},"5":{"name":"(anonymous_5)","decl":{"start":{"line":34,"column":4},"end":{"line":34,"column":5}},"loc":{"start":{"line":34,"column":27},"end":{"line":44,"column":5}},"line":34},"6":{"name":"(anonymous_6)","decl":{"start":{"line":46,"column":4},"end":{"line":46,"column":5}},"loc":{"start":{"line":46,"column":25},"end":{"line":52,"column":5}},"line":46},"7":{"name":"(anonymous_7)","decl":{"start":{"line":54,"column":4},"end":{"line":54,"column":5}},"loc":{"start":{"line":54,"column":29},"end":{"line":58,"column":5}},"line":54},"8":{"name":"(anonymous_8)","decl":{"start":{"line":55,"column":20},"end":{"line":55,"column":21}},"loc":{"start":{"line":55,"column":36},"end":{"line":57,"column":7}},"line":55},"9":{"name":"(anonymous_9)","decl":{"start":{"line":60,"column":4},"end":{"line":60,"column":5}},"loc":{"start":{"line":60,"column":30},"end":{"line":63,"column":5}},"line":60},"10":{"name":"(anonymous_10)","decl":{"start":{"line":65,"column":4},"end":{"line":65,"column":5}},"loc":{"start":{"line":65,"column":24},"end":{"line":71,"column":5}},"line":65},"11":{"name":"(anonymous_11)","decl":{"start":{"line":73,"column":4},"end":{"line":73,"column":5}},"loc":{"start":{"line":73,"column":28},"end":{"line":79,"column":5}},"line":73},"12":{"name":"(anonymous_12)","decl":{"start":{"line":81,"column":4},"end":{"line":81,"column":5}},"loc":{"start":{"line":81,"column":13},"end":{"line":105,"column":5}},"line":81}},"branchMap":{"0":{"loc":{"start":{"line":25,"column":6},"end":{"line":31,"column":7}},"type":"if","locations":[{"start":{"line":25,"column":6},"end":{"line":31,"column":7}},{"start":{"line":25,"column":6},"end":{"line":31,"column":7}}],"line":25},"1":{"loc":{"start":{"line":37,"column":6},"end":{"line":43,"column":7}},"type":"if","locations":[{"start":{"line":37,"column":6},"end":{"line":43,"column":7}},{"start":{"line":37,"column":6},"end":{"line":43,"column":7}}],"line":37},"2":{"loc":{"start":{"line":49,"column":25},"end":{"line":49,"column":76}},"type":"cond-expr","locations":[{"start":{"line":49,"column":48},"end":{"line":49,"column":60}},{"start":{"line":49,"column":63},"end":{"line":49,"column":76}}],"line":49}},"s":{"0":1,"1":0,"2":0,"3":0,"4":0,"5":0,"6":0,"7":0,"8":0,"9":0,"10":0,"11":0,"12":0,"13":0,"14":0,"15":0,"16":0,"17":0,"18":0,"19":0,"20":0,"21":0,"22":0,"23":0,"24":0,"25":0,"26":0,"27":0,"28":0,"29":0,"30":0,"31":0,"32":0,"33":0,"34":0,"35":0,"36":0,"37":1,"38":1},"f":{"0":1,"1":0,"2":0,"3":0,"4":0,"5":0,"6":0,"7":0,"8":0,"9":0,"10":0,"11":0,"12":0},"b":{"0":[0,0],"1":[0,0],"2":[0,0]},"_coverageSchema":"1a1c01bbd47fc00a2c39e90264f33305004495a9","hash":"e4e257162cff65c53b7ed2cc336d5ac7fa7dc11c"}
,"C:\\Users\\user\\Documents\\GitHub\\936943-what-to-watch-4 — 7-3\\src\\hocs\\with-video-player.js": {"path":"C:\\Users\\user\\Documents\\GitHub\\936943-what-to-watch-4 — 7-3\\src\\hocs\\with-video-player.js","statementMap":{"0":{"start":{"line":3,"column":27},"end":{"line":3,"column":31}},"1":{"start":{"line":5,"column":19},"end":{"line":51,"column":1}},"2":{"start":{"line":8,"column":6},"end":{"line":8,"column":19}},"3":{"start":{"line":10,"column":6},"end":{"line":10,"column":27}},"4":{"start":{"line":12,"column":6},"end":{"line":14,"column":8}},"5":{"start":{"line":16,"column":6},"end":{"line":16,"column":65}},"6":{"start":{"line":17,"column":6},"end":{"line":17,"column":71}},"7":{"start":{"line":21,"column":6},"end":{"line":23,"column":9}},"8":{"start":{"line":27,"column":6},"end":{"line":27,"column":90}},"9":{"start":{"line":27,"column":39},"end":{"line":27,"column":68}},"10":{"start":{"line":31,"column":6},"end":{"line":31,"column":34}},"11":{"start":{"line":33,"column":6},"end":{"line":35,"column":9}},"12":{"start":{"line":39,"column":6},"end":{"line":46,"column":8}},"13":{"start":{"line":50,"column":2},"end":{"line":50,"column":20}}},"fnMap":{"0":{"name":"(anonymous_0)","decl":{"start":{"line":5,"column":19},"end":{"line":5,"column":20}},"loc":{"start":{"line":5,"column":34},"end":{"line":51,"column":1}},"line":5},"1":{"name":"(anonymous_1)","decl":{"start":{"line":7,"column":4},"end":{"line":7,"column":5}},"loc":{"start":{"line":7,"column":23},"end":{"line":18,"column":5}},"line":7},"2":{"name":"(anonymous_2)","decl":{"start":{"line":20,"column":4},"end":{"line":20,"column":5}},"loc":{"start":{"line":20,"column":29},"end":{"line":24,"column":5}},"line":20},"3":{"name":"(anonymous_3)","decl":{"start":{"line":26,"column":4},"end":{"line":26,"column":5}},"loc":{"start":{"line":26,"column":24},"end":{"line":28,"column":5}},"line":26},"4":{"name":"(anonymous_4)","decl":{"start":{"line":27,"column":33},"end":{"line":27,"column":34}},"loc":{"start":{"line":27,"column":39},"end":{"line":27,"column":68}},"line":27},"5":{"name":"(anonymous_5)","decl":{"start":{"line":30,"column":4},"end":{"line":30,"column":5}},"loc":{"start":{"line":30,"column":27},"end":{"line":36,"column":5}},"line":30},"6":{"name":"(anonymous_6)","decl":{"start":{"line":38,"column":4},"end":{"line":38,"column":5}},"loc":{"start":{"line":38,"column":13},"end":{"line":47,"column":5}},"line":38}},"branchMap":{},"s":{"0":6,"1":6,"2":32,"3":32,"4":32,"5":32,"6":32,"7":0,"8":0,"9":0,"10":0,"11":0,"12":32,"13":6},"f":{"0":6,"1":32,"2":0,"3":0,"4":0,"5":0,"6":32},"b":{},"_coverageSchema":"1a1c01bbd47fc00a2c39e90264f33305004495a9","hash":"b0d06afb4be8d19d9bd60944769fb613a9e2fe9a"}
,"C:\\Users\\user\\Documents\\GitHub\\936943-what-to-watch-4 — 7-3\\src\\mocks\\films.js": {"path":"C:\\Users\\user\\Documents\\GitHub\\936943-what-to-watch-4 — 7-3\\src\\mocks\\films.js","statementMap":{"0":{"start":{"line":3,"column":21},"end":{"line":3,"column":23}},"1":{"start":{"line":4,"column":15},"end":{"line":4,"column":407}},"2":{"start":{"line":5,"column":15},"end":{"line":5,"column":67}},"3":{"start":{"line":6,"column":14},"end":{"line":6,"column":51}},"4":{"start":{"line":7,"column":18},"end":{"line":7,"column":85}},"5":{"start":{"line":8,"column":17},"end":{"line":8,"column":77}},"6":{"start":{"line":9,"column":14},"end":{"line":9,"column":105}},"7":{"start":{"line":11,"column":21},"end":{"line":21,"column":1}},"8":{"start":{"line":12,"column":12},"end":{"line":12,"column":14}},"9":{"start":{"line":13,"column":2},"end":{"line":19,"column":3}},"10":{"start":{"line":13,"column":15},"end":{"line":13,"column":16}},"11":{"start":{"line":14,"column":4},"end":{"line":18,"column":5}},"12":{"start":{"line":15,"column":6},"end":{"line":15,"column":17}},"13":{"start":{"line":17,"column":6},"end":{"line":17,"column":41}},"14":{"start":{"line":20,"column":2},"end":{"line":20,"column":26}},"15":{"start":{"line":23,"column":21},"end":{"line":29,"column":1}},"16":{"start":{"line":32,"column":15},"end":{"line":37,"column":1}},"17":{"start":{"line":39,"column":23},"end":{"line":53,"column":1}},"18":{"start":{"line":40,"column":2},"end":{"line":42,"column":3}},"19":{"start":{"line":41,"column":4},"end":{"line":41,"column":21}},"20":{"start":{"line":43,"column":2},"end":{"line":45,"column":3}},"21":{"start":{"line":44,"column":4},"end":{"line":44,"column":23}},"22":{"start":{"line":46,"column":2},"end":{"line":48,"column":3}},"23":{"start":{"line":47,"column":4},"end":{"line":47,"column":18}},"24":{"start":{"line":49,"column":2},"end":{"line":51,"column":3}},"25":{"start":{"line":50,"column":4},"end":{"line":50,"column":20}},"26":{"start":{"line":52,"column":2},"end":{"line":52,"column":15}},"27":{"start":{"line":55,"column":24},"end":{"line":61,"column":2}},"28":{"start":{"line":55,"column":31},"end":{"line":61,"column":1}},"29":{"start":{"line":63,"column":25},"end":{"line":63,"column":82}},"30":{"start":{"line":63,"column":36},"end":{"line":63,"column":82}},"31":{"start":{"line":65,"column":22},"end":{"line":83,"column":1}},"32":{"start":{"line":66,"column":21},"end":{"line":66,"column":60}},"33":{"start":{"line":67,"column":22},"end":{"line":67,"column":42}},"34":{"start":{"line":69,"column":2},"end":{"line":82,"column":4}},"35":{"start":{"line":85,"column":23},"end":{"line":87,"column":23}},"36":{"start":{"line":85,"column":34},"end":{"line":87,"column":23}},"37":{"start":{"line":89,"column":27},"end":{"line":89,"column":55}}},"fnMap":{"0":{"name":"(anonymous_0)","decl":{"start":{"line":11,"column":21},"end":{"line":11,"column":22}},"loc":{"start":{"line":11,"column":32},"end":{"line":21,"column":1}},"line":11},"1":{"name":"(anonymous_1)","decl":{"start":{"line":39,"column":23},"end":{"line":39,"column":24}},"loc":{"start":{"line":39,"column":35},"end":{"line":53,"column":1}},"line":39},"2":{"name":"(anonymous_2)","decl":{"start":{"line":55,"column":24},"end":{"line":55,"column":25}},"loc":{"start":{"line":55,"column":31},"end":{"line":61,"column":1}},"line":55},"3":{"name":"(anonymous_3)","decl":{"start":{"line":63,"column":25},"end":{"line":63,"column":26}},"loc":{"start":{"line":63,"column":36},"end":{"line":63,"column":82}},"line":63},"4":{"name":"(anonymous_4)","decl":{"start":{"line":65,"column":22},"end":{"line":65,"column":23}},"loc":{"start":{"line":65,"column":28},"end":{"line":83,"column":1}},"line":65},"5":{"name":"(anonymous_5)","decl":{"start":{"line":85,"column":23},"end":{"line":85,"column":24}},"loc":{"start":{"line":85,"column":34},"end":{"line":87,"column":23}},"line":85}},"branchMap":{"0":{"loc":{"start":{"line":14,"column":4},"end":{"line":18,"column":5}},"type":"if","locations":[{"start":{"line":14,"column":4},"end":{"line":18,"column":5}},{"start":{"line":14,"column":4},"end":{"line":18,"column":5}}],"line":14},"1":{"loc":{"start":{"line":40,"column":2},"end":{"line":42,"column":3}},"type":"if","locations":[{"start":{"line":40,"column":2},"end":{"line":42,"column":3}},{"start":{"line":40,"column":2},"end":{"line":42,"column":3}}],"line":40},"2":{"loc":{"start":{"line":43,"column":2},"end":{"line":45,"column":3}},"type":"if","locations":[{"start":{"line":43,"column":2},"end":{"line":45,"column":3}},{"start":{"line":43,"column":2},"end":{"line":45,"column":3}}],"line":43},"3":{"loc":{"start":{"line":43,"column":6},"end":{"line":43,"column":59}},"type":"binary-expr","locations":[{"start":{"line":43,"column":6},"end":{"line":43,"column":29}},{"start":{"line":43,"column":33},"end":{"line":43,"column":59}}],"line":43},"4":{"loc":{"start":{"line":46,"column":2},"end":{"line":48,"column":3}},"type":"if","locations":[{"start":{"line":46,"column":2},"end":{"line":48,"column":3}},{"start":{"line":46,"column":2},"end":{"line":48,"column":3}}],"line":46},"5":{"loc":{"start":{"line":46,"column":6},"end":{"line":46,"column":56}},"type":"binary-expr","locations":[{"start":{"line":46,"column":6},"end":{"line":46,"column":31}},{"start":{"line":46,"column":35},"end":{"line":46,"column":56}}],"line":46},"6":{"loc":{"start":{"line":49,"column":2},"end":{"line":51,"column":3}},"type":"if","locations":[{"start":{"line":49,"column":2},"end":{"line":51,"column":3}},{"start":{"line":49,"column":2},"end":{"line":51,"column":3}}],"line":49},"7":{"loc":{"start":{"line":49,"column":6},"end":{"line":49,"column":53}},"type":"binary-expr","locations":[{"start":{"line":49,"column":6},"end":{"line":49,"column":26}},{"start":{"line":49,"column":30},"end":{"line":49,"column":53}}],"line":49}},"s":{"0":5,"1":5,"2":5,"3":5,"4":5,"5":5,"6":5,"7":5,"8":90,"9":90,"10":90,"11":1453,"12":143,"13":1310,"14":90,"15":5,"16":5,"17":5,"18":90,"19":0,"20":90,"21":15,"22":75,"23":24,"24":51,"25":19,"26":32,"27":5,"28":540,"29":5,"30":90,"31":5,"32":90,"33":90,"34":90,"35":5,"36":5,"37":5},"f":{"0":90,"1":90,"2":540,"3":90,"4":90,"5":5},"b":{"0":[143,1310],"1":[0,90],"2":[15,75],"3":[90,90],"4":[24,51],"5":[75,75],"6":[19,32],"7":[51,51]},"_coverageSchema":"1a1c01bbd47fc00a2c39e90264f33305004495a9","hash":"f384fda45d2bb54e035229e5013e22d7d8ece5b2"}
,"C:\\Users\\user\\Documents\\GitHub\\936943-what-to-watch-4 — 7-3\\src\\reducer\\name-space.js": {"path":"C:\\Users\\user\\Documents\\GitHub\\936943-what-to-watch-4 — 7-3\\src\\reducer\\name-space.js","statementMap":{"0":{"start":{"line":1,"column":18},"end":{"line":5,"column":1}}},"fnMap":{},"branchMap":{},"s":{"0":8},"f":{},"b":{},"_coverageSchema":"1a1c01bbd47fc00a2c39e90264f33305004495a9","hash":"142e2d429c16aac8f137659d6cb30a598e6e18ab"}
,"C:\\Users\\user\\Documents\\GitHub\\936943-what-to-watch-4 — 7-3\\src\\reducer\\data\\data.js": {"path":"C:\\Users\\user\\Documents\\GitHub\\936943-what-to-watch-4 — 7-3\\src\\reducer\\data\\data.js","statementMap":{"0":{"start":{"line":6,"column":21},"end":{"line":14,"column":1}},"1":{"start":{"line":16,"column":19},"end":{"line":25,"column":1}},"2":{"start":{"line":27,"column":26},"end":{"line":70,"column":1}},"3":{"start":{"line":29,"column":4},"end":{"line":32,"column":6}},"4":{"start":{"line":36,"column":4},"end":{"line":39,"column":6}},"5":{"start":{"line":43,"column":4},"end":{"line":46,"column":6}},"6":{"start":{"line":49,"column":39},"end":{"line":52,"column":3}},"7":{"start":{"line":54,"column":30},"end":{"line":57,"column":3}},"8":{"start":{"line":59,"column":39},"end":{"line":62,"column":3}},"9":{"start":{"line":65,"column":4},"end":{"line":68,"column":6}},"10":{"start":{"line":72,"column":18},"end":{"line":137,"column":1}},"11":{"start":{"line":73,"column":20},"end":{"line":83,"column":3}},"12":{"start":{"line":74,"column":4},"end":{"line":82,"column":9}},"13":{"start":{"line":76,"column":8},"end":{"line":76,"column":98}},"14":{"start":{"line":76,"column":75},"end":{"line":76,"column":94}},"15":{"start":{"line":77,"column":8},"end":{"line":77,"column":66}},"16":{"start":{"line":80,"column":8},"end":{"line":80,"column":56}},"17":{"start":{"line":81,"column":8},"end":{"line":81,"column":66}},"18":{"start":{"line":85,"column":24},"end":{"line":91,"column":3}},"19":{"start":{"line":86,"column":4},"end":{"line":90,"column":7}},"20":{"start":{"line":89,"column":6},"end":{"line":89,"column":73}},"21":{"start":{"line":93,"column":20},"end":{"line":103,"column":3}},"22":{"start":{"line":94,"column":4},"end":{"line":102,"column":9}},"23":{"start":{"line":96,"column":8},"end":{"line":96,"column":104}},"24":{"start":{"line":96,"column":81},"end":{"line":96,"column":100}},"25":{"start":{"line":97,"column":8},"end":{"line":97,"column":66}},"26":{"start":{"line":100,"column":8},"end":{"line":100,"column":56}},"27":{"start":{"line":101,"column":8},"end":{"line":101,"column":66}},"28":{"start":{"line":105,"column":23},"end":{"line":110,"column":3}},"29":{"start":{"line":106,"column":4},"end":{"line":109,"column":7}},"30":{"start":{"line":108,"column":6},"end":{"line":108,"column":100}},"31":{"start":{"line":108,"column":75},"end":{"line":108,"column":96}},"32":{"start":{"line":112,"column":34},"end":{"line":119,"column":3}},"33":{"start":{"line":113,"column":4},"end":{"line":118,"column":7}},"34":{"start":{"line":116,"column":6},"end":{"line":116,"column":39}},"35":{"start":{"line":117,"column":6},"end":{"line":117,"column":43}},"36":{"start":{"line":121,"column":33},"end":{"line":135,"column":3}},"37":{"start":{"line":122,"column":4},"end":{"line":122,"column":61}},"38":{"start":{"line":124,"column":4},"end":{"line":134,"column":9}},"39":{"start":{"line":126,"column":8},"end":{"line":126,"column":66}},"40":{"start":{"line":129,"column":8},"end":{"line":129,"column":44}},"41":{"start":{"line":130,"column":8},"end":{"line":130,"column":25}},"42":{"start":{"line":133,"colum
[...]
line":73},"9":{"name":"(anonymous_9)","decl":{"start":{"line":75,"column":12},"end":{"line":75,"column":13}},"loc":{"start":{"line":75,"column":26},"end":{"line":78,"column":7}},"line":75},"10":{"name":"(anonymous_10)","decl":{"start":{"line":76,"column":64},"end":{"line":76,"column":65}},"loc":{"start":{"line":76,"column":75},"end":{"line":76,"column":94}},"line":76},"11":{"name":"(anonymous_11)","decl":{"start":{"line":79,"column":13},"end":{"line":79,"column":14}},"loc":{"start":{"line":79,"column":19},"end":{"line":82,"column":7}},"line":79},"12":{"name":"(anonymous_12)","decl":{"start":{"line":85,"column":18},"end":{"line":85,"column":19}},"loc":{"start":{"line":85,"column":24},"end":{"line":91,"column":3}},"line":85},"13":{"name":"(anonymous_13)","decl":{"start":{"line":85,"column":24},"end":{"line":85,"column":25}},"loc":{"start":{"line":85,"column":53},"end":{"line":91,"column":3}},"line":85},"14":{"name":"(anonymous_14)","decl":{"start":{"line":87,"column":10},"end":{"line":87,"column":11}},"loc":{"start":{"line":87,"column":24},"end":{"line":90,"column":5}},"line":87},"15":{"name":"(anonymous_15)","decl":{"start":{"line":93,"column":14},"end":{"line":93,"column":15}},"loc":{"start":{"line":93,"column":20},"end":{"line":103,"column":3}},"line":93},"16":{"name":"(anonymous_16)","decl":{"start":{"line":93,"column":20},"end":{"line":93,"column":21}},"loc":{"start":{"line":93,"column":49},"end":{"line":103,"column":3}},"line":93},"17":{"name":"(anonymous_17)","decl":{"start":{"line":95,"column":12},"end":{"line":95,"column":13}},"loc":{"start":{"line":95,"column":26},"end":{"line":98,"column":7}},"line":95},"18":{"name":"(anonymous_18)","decl":{"start":{"line":96,"column":70},"end":{"line":96,"column":71}},"loc":{"start":{"line":96,"column":81},"end":{"line":96,"column":100}},"line":96},"19":{"name":"(anonymous_19)","decl":{"start":{"line":99,"column":13},"end":{"line":99,"column":14}},"loc":{"start":{"line":99,"column":19},"end":{"line":102,"column":7}},"line":99},"20":{"name":"(anonymous_20)","decl":{"start":{"line":105,"column":15},"end":{"line":105,"column":16}},"loc":{"start":{"line":105,"column":23},"end":{"line":110,"column":3}},"line":105},"21":{"name":"(anonymous_21)","decl":{"start":{"line":105,"column":23},"end":{"line":105,"column":24}},"loc":{"start":{"line":105,"column":52},"end":{"line":110,"column":3}},"line":105},"22":{"name":"(anonymous_22)","decl":{"start":{"line":107,"column":10},"end":{"line":107,"column":11}},"loc":{"start":{"line":107,"column":24},"end":{"line":109,"column":5}},"line":107},"23":{"name":"(anonymous_23)","decl":{"start":{"line":108,"column":63},"end":{"line":108,"column":64}},"loc":{"start":{"line":108,"column":75},"end":{"line":108,"column":96}},"line":108},"24":{"name":"(anonymous_24)","decl":{"start":{"line":112,"column":23},"end":{"line":112,"column":24}},"loc":{"start":{"line":112,"column":34},"end":{"line":119,"column":3}},"line":112},"25":{"name":"(anonymous_25)","decl":{"start":{"line":112,"column":34},"end":{"line":112,"column":35}},"loc":{"start":{"line":112,"column":63},"end":{"line":119,"column":3}},"line":112},"26":{"name":"(anonymous_26)","decl":{"start":{"line":114,"column":10},"end":{"line":114,"column":11}},"loc":{"start":{"line":114,"column":16},"end":{"line":118,"column":5}},"line":114},"27":{"name":"(anonymous_27)","decl":{"start":{"line":121,"column":17},"end":{"line":121,"column":18}},"loc":{"start":{"line":121,"column":33},"end":{"line":135,"column":3}},"line":121},"28":{"name":"(anonymous_28)","decl":{"start":{"line":121,"column":33},"end":{"line":121,"column":34}},"loc":{"start":{"line":121,"column":62},"end":{"line":135,"column":3}},"line":121},"29":{"name":"(anonymous_29)","decl":{"start":{"line":125,"column":12},"end":{"line":125,"column":13}},"loc":{"start":{"line":125,"column":18},"end":{"line":127,"column":7}},"line":125},"30":{"name":"(anonymous_30)","decl":{"start":{"line":128,"column":12},"end":{"line":128,"column":13}},"loc":{"start":{"line":128,"column":18},"end":{"line":131,"column":7}},"line":128},"31":{"name":"(anonymous_31)","decl":{"start":{"line":132,"column":13},"end":{"line":132,"column":14}},"loc":{"start":{"line":132,"column":19},"end":{"line":134,"column":7}},"line":132},"32":{"name":"(anonymous_32)","decl":{"start":{"line":139,"column":16},"end":{"line":139,"column":17}},"loc":{"start":{"line":139,"column":50},"end":{"line":178,"column":1}},"line":139}},"branchMap":{"0":{"loc":{"start":{"line":113,"column":45},"end":{"line":113,"column":69}},"type":"cond-expr","locations":[{"start":{"line":113,"column":64},"end":{"line":113,"column":65}},{"start":{"line":113,"column":68},"end":{"line":113,"column":69}}],"line":113},"1":{"loc":{"start":{"line":139,"column":17},"end":{"line":139,"column":37}},"type":"default-arg","locations":[{"start":{"line":139,"column":25},"end":{"line":139,"column":37}}],"line":139},"2":{"loc":{"start":{"line":140,"column":2},"end":{"line":175,"column":3}},"type":"switch","locations":[{"start":{"line":141,"column":4},"end":{"line":144,"column":9}},{"start":{"line":146,"column":4},"end":{"line":149,"column":9}},{"start":{"line":151,"column":4},"end":{"line":154,"column":9}},{"start":{"line":156,"column":4},"end":{"line":159,"column":9}},{"start":{"line":161,"column":4},"end":{"line":164,"column":9}},{"start":{"line":166,"column":4},"end":{"line":169,"column":9}},{"start":{"line":171,"column":4},"end":{"line":174,"column":9}}],"line":140}},"s":{"0":8,"1":8,"2":8,"3":1,"4":1,"5":0,"6":2,"7":0,"8":0,"9":1,"10":8,"11":1,"12":1,"13":1,"14":1,"15":1,"16":0,"17":0,"18":1,"19":1,"20":1,"21":1,"22":1,"23":1,"24":1,"25":1,"26":0,"27":0,"28":0,"29":0,"30":0,"31":0,"32":0,"33":0,"34":0,"35":0,"36":0,"37":0,"38":0,"39":0,"40":0,"41":0,"42":0,"43":8,"44":8,"45":1,"46":1,"47":1,"48":1,"49":1,"50":1,"51":1,"52":1},"f":{"0":1,"1":1,"2":0,"3":2,"4":0,"5":0,"6":1,"7":1,"8":1,"9":1,"10":1,"11":0,"12":1,"13":1,"14":1,"15":1,"16":1,"17":1,"18":1,"19":0,"20":0,"21":0,"22":0,"23":0,"24":0,"25":0,"26":0,"27":0,"28":0,"29":0,"30":0,"31":0,"32":8},"b":{"0":[0,0],"1":[1],"2":[1,1,1,1,1,1,1]},"_coverageSchema":"1a1c01bbd47fc00a2c39e90264f33305004495a9","hash":"b3a97f4d9134f5d30490184178df7362d656943b"}
,"C:\\Users\\user\\Documents\\GitHub\\936943-what-to-watch-4 — 7-3\\src\\reducer\\data\\selectors.js": {"path":"C:\\Users\\user\\Documents\\GitHub\\936943-what-to-watch-4 — 7-3\\src\\reducer\\data\\selectors.js","statementMap":{"0":{"start":{"line":4,"column":25},"end":{"line":4,"column":64}},"1":{"start":{"line":4,"column":36},"end":{"line":4,"column":64}},"2":{"start":{"line":6,"column":29},"end":{"line":6,"column":72}},"3":{"start":{"line":6,"column":40},"end":{"line":6,"column":72}},"4":{"start":{"line":8,"column":25},"end":{"line":8,"column":67}},"5":{"start":{"line":8,"column":36},"end":{"line":8,"column":67}},"6":{"start":{"line":10,"column":31},"end":{"line":10,"column":73}},"7":{"start":{"line":10,"column":42},"end":{"line":10,"column":73}},"8":{"start":{"line":12,"column":30},"end":{"line":12,"column":70}},"9":{"start":{"line":12,"column":41},"end":{"line":12,"column":70}},"10":{"start":{"line":14,"column":26},"end":{"line":14,"column":66}},"11":{"start":{"line":14,"column":37},"end":{"line":14,"column":66}},"12":{"start":{"line":16,"column":38},"end":{"line":16,"column":90}},"13":{"start":{"line":16,"column":49},"end":{"line":16,"column":90}},"14":{"start":{"line":18,"column":31},"end":{"line":18,"column":76}},"15":{"start":{"line":18,"column":42},"end":{"line":18,"column":76}}},"fnMap":{"0":{"name":"(anonymous_0)","decl":{"start":{"line":4,"column":25},"end":{"line":4,"column":26}},"loc":{"start":{"line":4,"column":36},"end":{"line":4,"column":64}},"line":4},"1":{"name":"(anonymous_1)","decl":{"start":{"line":6,"column":29},"end":{"line":6,"column":30}},"loc":{"start":{"line":6,"column":40},"end":{"line":6,"column":72}},"line":6},"2":{"name":"(anonymous_2)","decl":{"start":{"line":8,"column":25},"end":{"line":8,"column":26}},"loc":{"start":{"line":8,"column":36},"end":{"line":8,"column":67}},"line":8},"3":{"name":"(anonymous_3)","decl":{"start":{"line":10,"column":31},"end":{"line":10,"column":32}},"loc":{"start":{"line":10,"column":42},"end":{"line":10,"column":73}},"line":10},"4":{"name":"(anonymous_4)","decl":{"start":{"line":12,"column":30},"end":{"line":12,"column":31}},"loc":{"start":{"line":12,"column":41},"end":{"line":12,"column":70}},"line":12},"5":{"name":"(anonymous_5)","decl":{"start":{"line":14,"column":26},"end":{"line":14,"column":27}},"loc":{"start":{"line":14,"column":37},"end":{"line":14,"column":66}},"line":14},"6":{"name":"(anonymous_6)","decl":{"start":{"line":16,"column":38},"end":{"line":16,"column":39}},"loc":{"start":{"line":16,"column":49},"end":{"line":16,"column":90}},"line":16},"7":{"name":"(anonymous_7)","decl":{"start":{"line":18,"column":31},"end":{"line":18,"column":32}},"loc":{"start":{"line":18,"column":42},"end":{"line":18,"column":76}},"line":18}},"branchMap":{},"s":{"0":6,"1":6,"2":6,"3":2,"4":6,"5":2,"6":6,"7":1,"8":6,"9":1,"10":6,"11":1,"12":6,"13":1,"14":6,"15":1},"f":{"0":6,"1":2,"2":2,"3":1,"4":1,"5":1,"6":1,"7":1},"b":{},"_coverageSchema":"1a1c01bbd47fc00a2c39e90264f33305004495a9","hash":"e486898fd930030b09ab9fa8c74d00ccb10c4a3a"}
,"C:\\Users\\user\\Documents\\GitHub\\936943-what-to-watch-4 — 7-3\\src\\reducer\\state\\selectors.js": {"path":"C:\\Users\\user\\Documents\\GitHub\\936943-what-to-watch-4 — 7-3\\src\\reducer\\state\\selectors.js","statementMap":{"0":{"start":{"line":7,"column":31},"end":{"line":7,"column":77}},"1":{"start":{"line":7,"column":42},"end":{"line":7,"column":77}},"2":{"start":{"line":9,"column":36},"end":{"line":9,"column":87}},"3":{"start":{"line":9,"column":47},"end":{"line":9,"column":87}},"4":{"start":{"line":11,"column":32},"end":{"line":19,"column":1}},"5":{"start":{"line":15,"column":29},"end":{"line":15,"column":95}},"6":{"start":{"line":17,"column":6},"end":{"line":17,"column":28}}},"fnMap":{"0":{"name":"(anonymous_0)","decl":{"start":{"line":7,"column":31},"end":{"line":7,"column":32}},"loc":{"start":{"line":7,"column":42},"end":{"line":7,"column":77}},"line":7},"1":{"name":"(anonymous_1)","decl":{"start":{"line":9,"column":36},"end":{"line":9,"column":37}},"loc":{"start":{"line":9,"column":47},"end":{"line":9,"column":87}},"line":9},"2":{"name":"(anonymous_2)","decl":{"start":{"line":14,"column":4},"end":{"line":14,"column":5}},"loc":{"start":{"line":14,"column":23},"end":{"line":18,"column":5}},"line":14}},"branchMap":{"0":{"loc":{"start":{"line":15,"column":29},"end":{"line":15,"column":95}},"type":"cond-expr","locations":[{"start":{"line":15,"column":54},"end":{"line":15,"column":60}},{"start":{"line":15,"column":63},"end":{"line":15,"column":95}}],"line":15}},"s":{"0":3,"1":4,"2":3,"3":2,"4":3,"5":2,"6":2},"f":{"0":4,"1":2,"2":2},"b":{"0":[2,0]},"_coverageSchema":"1a1c01bbd47fc00a2c39e90264f33305004495a9","hash":"a0f03796acf046975a4bc9f3ec46376909325f4f"}
,"C:\\Users\\user\\Documents\\GitHub\\936943-what-to-watch-4 — 7-3\\src\\reducer\\state\\state.js": {"path":"C:\\Users\\user\\Documents\\GitHub\\936943-what-to-watch-4 — 7-3\\src\\reducer\\state\\state.js","statementMap":{"0":{"start":{"line":5,"column":21},"end":{"line":8,"column":1}},"1":{"start":{"line":10,"column":19},"end":{"line":14,"column":1}},"2":{"start":{"line":16,"column":22},"end":{"line":40,"column":1}},"3":{"start":{"line":18,"column":4},"end":{"line":21,"column":6}},"4":{"start":{"line":25,"column":27},"end":{"line":25,"column":117}},"5":{"start":{"line":27,"column":4},"end":{"line":30,"column":6}},"6":{"start":{"line":34,"column":4},"end":{"line":37,"column":6}},"7":{"start":{"line":42,"column":16},"end":{"line":62,"column":1}},"8":{"start":{"line":43,"column":2},"end":{"line":59,"column":3}},"9":{"start":{"line":45,"column":6},"end":{"line":47,"column":9}},"10":{"start":{"line":50,"column":6},"end":{"line":53,"column":9}},"11":{"start":{"line":56,"column":6},"end":{"line":58,"column":9}},"12":{"start":{"line":61,"column":2},"end":{"line":61,"column":15}}},"fnMap":{"0":{"name":"(anonymous_0)","decl":{"start":{"line":17,"column":20},"end":{"line":17,"column":21}},"loc":{"start":{"line":17,"column":38},"end":{"line":22,"column":3}},"line":17},"1":{"name":"(anonymous_1)","decl":{"start":{"line":24,"column":21},"end":{"line":24,"column":22}},"loc":{"start":{"line":24,"column":39},"end":{"line":31,"column":3}},"line":24},"2":{"name":"(anonymous_2)","decl":{"start":{"line":33,"column":18},"end":{"line":33,"column":19}},"loc":{"start":{"line":33,"column":24},"end":{"line":38,"column":3}},"line":33},"3":{"name":"(anonymous_3)","decl":{"start":{"line":42,"column":16},"end":{"line":42,"column":17}},"loc":{"start":{"line":42,"column":50},"end":{"line":62,"column":1}},"line":42}},"branchMap":{"0":{"loc":{"start":{"line":25,"column":27},"end":{"line":25,"column":117}},"type":"cond-expr","locations":[{"start":{"line":25,"column":59},"end":{"line":25,"column":70}},{"start":{"line":25,"column":73},"end":{"line":25,"column":117}}],"line":25},"1":{"loc":{"start":{"line":42,"column":17},"end":{"line":42,"column":37}},"type":"default-arg","locations":[{"start":{"line":42,"column":25},"end":{"line":42,"column":37}}],"line":42},"2":{"loc":{"start":{"line":43,"column":2},"end":{"line":59,"column":3}},"type":"switch","locations":[{"start":{"line":44,"column":4},"end":{"line":47,"column":9}},{"start":{"line":49,"column":4},"end":{"line":53,"column":9}},{"start":{"line":55,"column":4},"end":{"line":58,"column":9}}],"line":43}},"s":{"0":5,"1":5,"2":5,"3":2,"4":0,"5":0,"6":2,"7":5,"8":3,"9":2,"10":0,"11":0,"12":1},"f":{"0":2,"1":0,"2":2,"3":3},"b":{"0":[0,0],"1":[1],"2":[2,0,0]},"_coverageSchema":"1a1c01bbd47fc00a2c39e90264f33305004495a9","hash":"c055e710e3a3978e5f0e35860164a1c5201a60b9"}
,"C:\\Users\\user\\Documents\\GitHub\\936943-what-to-watch-4 — 7-3\\src\\reducer\\user\\selectors.js": {"path":"C:\\Users\\user\\Documents\\GitHub\\936943-what-to-watch-4 — 7-3\\src\\reducer\\user\\selectors.js","statementMap":{"0":{"start":{"line":3,"column":38},"end":{"line":3,"column":90}},"1":{"start":{"line":3,"column":49},"end":{"line":3,"column":90}},"2":{"start":{"line":5,"column":37},"end":{"line":5,"column":81}},"3":{"start":{"line":5,"column":48},"end":{"line":5,"column":81}},"4":{"start":{"line":7,"column":23},"end":{"line":7,"column":60}},"5":{"start":{"line":7,"column":34},"end":{"line":7,"column":60}}},"fnMap":{"0":{"name":"(anonymous_0)","decl":{"start":{"line":3,"column":38},"end":{"line":3,"column":39}},"loc":{"start":{"line":3,"column":49},"end":{"line":3,"column":90}},"line":3},"1":{"name":"(anonymous_1)","decl":{"start":{"line":5,"column":37},"end":{"line":5,"column":38}},"loc":{"start":{"line":5,"column":48},"end":{"line":5,"column":81}},"line":5},"2":{"name":"(anonymous_2)","decl":{"start":{"line":7,"column":23},"end":{"line":7,"column":24}},"loc":{"start":{"line":7,"column":34},"end":{"line":7,"column":60}},"line":7}},"branchMap":{},"s":{"0":8,"1":11,"2":8,"3":1,"4":8,"5":1},"f":{"0":11,"1":1,"2":1},"b":{},"_coverageSchema":"1a1c01bbd47fc00a2c39e90264f33305004495a9","hash":"20e49f74c4152e90ec97950a3ee316cf12a6ed79"}
,"C:\\Users\\user\\Documents\\GitHub\\936943-what-to-watch-4 — 7-3\\src\\reducer\\user\\user.js": {"path":"C:\\Users\\user\\Documents\\GitHub\\936943-what-to-watch-4 — 7-3\\src\\reducer\\user\\user.js","statementMap":{"0":{"start":{"line":3,"column":28},"end":{"line":7,"column":1}},"1":{"start":{"line":9,"column":21},"end":{"line":16,"column":1}},"2":{"start":{"line":18,"column":19},"end":{"line":22,"column":1}},"3":{"start":{"line":24,"column":22},"end":{"line":36,"column":1}},"4":{"start":{"line":25,"column":37},"end":{"line":28,"column":3}},"5":{"start":{"line":29,"column":26},"end":{"line":32,"column":3}},"6":{"start":{"line":33,"column":20},"end":{"line":35,"column":3}},"7":{"start":{"line":38,"column":16},"end":{"line":57,"column":1}},"8":{"start":{"line":39,"column":2},"end":{"line":54,"column":3}},"9":{"start":{"line":41,"column":6},"end":{"line":43,"column":9}},"10":{"start":{"line":46,"column":6},"end":{"line":48,"column":9}},"11":{"start":{"line":51,"column":6},"end":{"line":53,"column":9}},"12":{"start":{"line":56,"column":2},"end":{"line":56,"column":15}},"13":{"start":{"line":59,"column":18},"end":{"line":84,"column":1}},"14":{"start":{"line":60,"column":19},"end":{"line":69,"column":3}},"15":{"start":{"line":61,"column":4},"end":{"line":68,"column":8}},"16":{"start":{"line":63,"column":8},"end":{"line":63,"column":79}},"17":{"start":{"line":64,"column":8},"end":{"line":64,"column":59}},"18":{"start":{"line":67,"column":8},"end":{"line":67,"column":82}},"19":{"start":{"line":71,"column":23},"end":{"line":83,"column":3}},"20":{"start":{"line":72,"column":4},"end":{"line":82,"column":8}},"21":{"start":{"line":77,"column":8},"end":{"line":77,"column":79}},"22":{"start":{"line":78,"column":8},"end":{"line":78,"column":59}},"23":{"start":{"line":81,"column":8},"end":{"line":81,"column":82}}},"fnMap":{"0":{"name":"(anonymous_0)","decl":{"start":{"line":25,"column":24},"end":{"line":25,"column":25}},"loc":{"start":{"line":25,"column":37},"end":{"line":28,"column":3}},"line":25},"1":{"name":"(anonymous_1)","decl":{"start":{"line":29,"column":15},"end":{"line":29,"column":16}},"loc":{"start":{"line":29,"column":26},"end":{"line":32,"column":3}},"line":29},"2":{"name":"(anonymous_2)","decl":{"start":{"line":33,"column":13},"end":{"line":33,"column":14}},"loc":{"start":{"line":33,"column":20},"end":{"line":35,"column":3}},"line":33},"3":{"name":"(anonymous_3)","decl":{"start":{"line":38,"column":16},"end":{"line":38,"column":17}},"loc":{"start":{"line":38,"column":50},"end":{"line":57,"column":1}},"line":38},"4":{"name":"(anonymous_4)","decl":{"start":{"line":60,"column":13},"end":{"line":60,"column":14}},"loc":{"start":{"line":60,"column":19},"end":{"line":69,"column":3}},"line":60},"5":{"name":"(anonymous_5)","decl":{"start":{"line":60,"column":19},"end":{"line":60,"column":20}},"loc":{"start":{"line":61,"column":4},"end":{"line":68,"column":8}},"line":61},"6":{"name":"(anonymous_6)","decl":{"start":{"line":62,"column":12},"end":{"line":62,"column":13}},"loc":{"start":{"line":62,"column":26},"end":{"line":65,"column":7}},"line":62},"7":{"name":"(anonymous_7)","decl":{"start":{"line":66,"column":13},"end":{"line":66,"column":14}},"loc":{"start":{"line":66,"column":19},"end":{"line":68,"column":7}},"line":66},"8":{"name":"(anonymous_8)","decl":{"start":{"line":71,"column":9},"end":{"line":71,"column":10}},"loc":{"start":{"line":71,"column":23},"end":{"line":83,"column":3}},"line":71},"9":{"name":"(anonymous_9)","decl":{"start":{"line":71,"column":23},"end":{"line":71,"column":24}},"loc":{"start":{"line":72,"column":4},"end":{"line":82,"column":8}},"line":72},"10":{"name":"(anonymous_10)","decl":{"start":{"line":76,"column":12},"end":{"line":76,"column":13}},"loc":{"start":{"line":76,"column":26},"end":{"line":79,"column":7}},"line":76},"11":{"name":"(anonymous_11)","decl":{"start":{"line":80,"column":13},"end":{"line":80,"column":14}},"loc":{"start":{"line":80,"column":19},"end":{"line":82,"column":7}},"line":80}},"branchMap":{"0":{"loc":{"start":{"line":38,"column":17},"end":{"line":38,"column":37}},"type":"default-arg","locations":[{"start":{"line":38,"column":25},"end":{"line":38,"column":37}}],"line":38},"1":{"loc":{"start":{"line":39,"column":2},"end":{"line":54,"column":3}},"type":"switch","locations":[{"start":{"line":40,"column":4},"end":{"line":43,"column":9}},{"start":{"line":45,"column":4},"end":{"line":48,"column":9}},{"start":{"line":50,"column":4},"end":{"line":53,"column":9}}],"line":39}},"s":{"0":9,"1":9,"2":9,"3":9,"4":1,"5":1,"6":0,"7":9,"8":2,"9":1,"10":0,"11":0,"12":1,"13":9,"14":1,"15":1,"16":1,"17":1,"18":0,"19":0,"20":0,"21":0,"22":0,"23":0},"f":{"0":1,"1":1,"2":0,"3":2,"4":1,"5":1,"6":1,"7":0,"8":0,"9":0,"10":0,"11":0},"b":{"0":[1],"1":[1,0,0]},"_coverageSchema":"1a1c01bbd47fc00a2c39e90264f33305004495a9","hash":"f296b30310facc2c8badf18cf4807296e4d5a7c2"}
}
