TN:
SF:src\api.js
FN:10,(anonymous_0)
FN:17,(anonymous_1)
FN:21,(anonymous_2)
FNF:3
FNH:2
FNDA:2,(anonymous_0)
FNDA:4,(anonymous_1)
FNDA:0,(anonymous_2)
DA:3,2
DA:4,2
DA:6,2
DA:10,2
DA:11,2
DA:17,2
DA:18,4
DA:21,2
DA:22,0
DA:24,0
DA:25,0
DA:28,0
DA:31,2
DA:33,2
LF:14
LH:10
BRDA:24,0,0,0
BRDA:24,0,1,0
BRF:2
BRH:0
end_of_record
TN:
SF:src\consts.js
FNF:0
FNH:0
DA:2,14
DA:4,14
DA:6,14
DA:12,14
DA:14,14
LF:5
LH:5
BRF:0
BRH:0
end_of_record
TN:
SF:src\history.js
FNF:0
FNH:0
DA:3,12
LF:1
LH:1
BRF:0
BRH:0
end_of_record
TN:
SF:src\private-route.jsx
FN:11,(anonymous_0)
FN:16,(anonymous_1)
FN:33,(anonymous_2)
FNF:3
FNH:0
FNDA:0,(anonymous_0)
FNDA:0,(anonymous_1)
FNDA:0,(anonymous_2)
DA:11,1
DA:12,0
DA:14,0
DA:17,0
DA:18,0
DA:21,0
DA:27,1
DA:33,1
LF:8
LH:3
BRDA:17,0,0,0
BRDA:17,0,1,0
BRF:2
BRH:0
end_of_record
TN:
SF:src\utils.js
FN:1,(anonymous_0)
FN:3,(anonymous_1)
FN:3,(anonymous_2)
FN:5,(anonymous_3)
FN:6,(anonymous_4)
FN:9,(anonymous_5)
FN:13,(anonymous_6)
FN:13,(anonymous_7)
FNF:8
FNH:6
FNDA:1620,(anonymous_0)
FNDA:0,(anonymous_1)
FNDA:0,(anonymous_2)
FNDA:2,(anonymous_3)
FNDA:16,(anonymous_4)
FNDA:9,(anonymous_5)
FNDA:1,(anonymous_6)
FNDA:1,(anonymous_7)
DA:1,1620
DA:3,12
DA:5,12
DA:6,16
DA:9,12
DA:10,9
DA:13,12
LF:7
LH:7
BRDA:1,0,0,1530
BRF:1
BRH:1
end_of_record
TN:
SF:src\adapters\movies-adapter.js
FN:8,(anonymous_0)
FN:24,(anonymous_1)
FNF:2
FNH:2
FNDA:5,(anonymous_0)
FNDA:5,(anonymous_1)
DA:1,8
DA:8,8
DA:9,5
DA:10,0
DA:12,5
DA:13,0
DA:15,5
DA:16,0
DA:18,5
DA:19,0
DA:21,5
DA:24,8
LF:12
LH:8
BRDA:9,0,0,0
BRDA:9,0,1,5
BRDA:12,1,0,0
BRDA:12,1,1,5
BRDA:12,2,0,5
BRDA:12,2,1,0
BRDA:15,3,0,0
BRDA:15,3,1,5
BRDA:15,4,0,5
BRDA:15,4,1,0
BRDA:18,5,0,0
BRDA:18,5,1,5
BRDA:18,6,0,5
BRDA:18,6,1,0
BRF:14
BRH:7
end_of_record
TN:
SF:src\adapters\review-adapter.js
FN:1,(anonymous_0)
FNF:1
FNH:0
FNDA:0,(anonymous_0)
DA:1,8
LF:1
LH:1
BRF:0
BRH:0
end_of_record
TN:
SF:src\components\add-review\add-review.jsx
FN:11,(anonymous_0)
FN:114,(anonymous_1)
FNF:2
FNH:2
FNDA:1,(anonymous_0)
FNDA:1,(anonymous_1)
DA:11,2
DA:12,1
DA:15,1
DA:30,1
DA:99,2
DA:114,2
LF:6
LH:6
BRDA:12,0,0,1
BRDA:12,0,1,1
BRF:2
BRH:2
end_of_record
TN:
SF:src\components\app\app.jsx
FN:30,(anonymous_0)
FN:34,(anonymous_1)
FN:44,(anonymous_2)
FN:52,(anonymous_3)
FN:71,(anonymous_4)
FN:74,(anonymous_5)
FN:80,(anonymous_6)
FN:87,(anonymous_7)
FN:96,(anonymous_8)
FN:106,(anonymous_9)
FN:109,(anonymous_10)
FN:150,(anonymous_11)
FN:158,(anonymous_12)
FN:159,(anonymous_13)
FN:162,(anonymous_14)
FNF:15
FNH:6
FNDA:1,(anonymous_0)
FNDA:1,(anonymous_1)
FNDA:0,(anonymous_2)
FNDA:1,(anonymous_3)
FNDA:1,(anonymous_4)
FNDA:0,(anonymous_5)
FNDA:0,(anonymous_6)
FNDA:0,(anonymous_7)
FNDA:0,(anonymous_8)
FNDA:0,(anonymous_9)
FNDA:0,(anonymous_10)
FNDA:1,(anonymous_11)
FNDA:1,(anonymous_12)
FNDA:0,(anonymous_13)
FNDA:0,(anonymous_14)
DA:26,1
DA:27,1
DA:31,1
DA:35,1
DA:37,1
DA:45,0
DA:53,1
DA:54,1
DA:56,0
DA:61,1
DA:62,0
DA:67,1
DA:71,1
DA:75,0
DA:76,0
DA:81,0
DA:88,0
DA:89,0
DA:97,0
DA:98,0
DA:106,0
DA:109,0
DA:117,1
DA:150,1
DA:158,1
DA:160,0
DA:163,0
LF:27
LH:13
BRDA:54,0,0,0
BRDA:54,0,1,1
BRDA:61,1,0,0
BRDA:61,1,1,1
BRF:4
BRH:2
end_of_record
TN:
SF:src\components\details-tab\details-tab.jsx
FN:4,(anonymous_0)
FN:5,(anonymous_1)
FN:17,(anonymous_2)
FNF:3
FNH:3
FNDA:1,(anonymous_0)
FNDA:1,(anonymous_1)
FNDA:3,(anonymous_2)
DA:4,4
DA:5,1
DA:7,1
DA:18,3
DA:44,4
LF:5
LH:5
BRF:0
BRH:0
end_of_record
TN:
SF:src\components\full-screen-video\full-screen-video.jsx
FN:7,(anonymous_0)
FN:11,(anonymous_1)
FN:18,(anonymous_2)
FN:33,(anonymous_3)
FNF:4
FNH:2
FNDA:1,(anonymous_0)
FNDA:0,(anonymous_1)
FNDA:1,(anonymous_2)
FNDA:0,(anonymous_3)
DA:7,2
DA:8,1
DA:9,1
DA:11,1
DA:12,0
DA:18,1
DA:19,1
DA:26,1
DA:28,1
DA:33,0
DA:73,2
LF:11
LH:9
BRDA:26,0,0,0
BRDA:26,0,1,1
BRF:2
BRH:1
end_of_record
TN:
SF:src\components\genres-list\genres-list.jsx
FN:5,(anonymous_0)
FN:6,(anonymous_1)
FN:7,(anonymous_2)
FN:13,(anonymous_3)
FN:26,(anonymous_4)
FN:26,(anonymous_5)
FNF:6
FNH:6
FNDA:4,(anonymous_0)
FNDA:16,(anonymous_1)
FNDA:6,(anonymous_2)
FNDA:16,(anonymous_3)
FNDA:4,(anonymous_4)
FNDA:16,(anonymous_5)
DA:5,5
DA:6,4
DA:7,16
DA:8,6
DA:9,6
DA:13,4
DA:14,16
DA:15,16
DA:17,16
DA:26,4
DA:27,16
DA:30,4
DA:38,5
LF:13
LH:13
BRDA:15,0,0,4
BRDA:15,0,1,12
BRF:2
BRH:2
end_of_record
TN:
SF:src\components\header\header.jsx
FN:12,(anonymous_0)
FN:58,(anonymous_1)
FN:62,(anonymous_2)
FN:63,(anonymous_3)
FNF:4
FNH:3
FNDA:6,(anonymous_0)
FNDA:5,(anonymous_1)
FNDA:5,(anonymous_2)
FNDA:0,(anonymous_3)
DA:12,7
DA:14,6
DA:26,6
DA:28,6
DA:47,7
DA:58,7
DA:62,7
DA:64,0
LF:8
LH:7
BRDA:14,0,0,2
BRDA:14,0,1,4
BRF:2
BRH:2
end_of_record
TN:
SF:src\components\main\main.jsx
FN:21,(anonymous_0)
FN:46,(anonymous_1)
FN:48,(anonymous_2)
FN:157,(anonymous_3)
FN:166,(anonymous_4)
FN:167,(anonymous_5)
FN:171,(anonymous_6)
FN:174,(anonymous_7)
FN:177,(anonymous_8)
FNF:9
FNH:3
FNDA:2,(anonymous_0)
FNDA:0,(anonymous_1)
FNDA:0,(anonymous_2)
FNDA:2,(anonymous_3)
FNDA:2,(anonymous_4)
FNDA:0,(anonymous_5)
FNDA:0,(anonymous_6)
FNDA:0,(anonymous_7)
FNDA:0,(anonymous_8)
DA:21,3
DA:33,2
DA:34,2
DA:38,2
DA:46,2
DA:48,2
DA:50,2
DA:131,3
DA:157,3
DA:166,3
DA:168,0
DA:169,0
DA:172,0
DA:175,0
DA:178,0
LF:15
LH:10
BRDA:34,0,0,0
BRDA:34,0,1,2
BRDA:38,1,0,0
BRDA:38,1,1,2
BRDA:48,2,0,0
BRDA:48,2,1,0
BRF:6
BRH:2
end_of_record
TN:
SF:src\components\movie-page\movie-page.jsx
FN:24,(anonymous_0)
FN:25,(anonymous_1)
FN:28,(anonymous_2)
FN:40,(anonymous_3)
FN:42,(anonymous_4)
FN:168,(anonymous_5)
FN:174,(anonymous_6)
FN:175,(anonymous_7)
FN:178,(anonymous_8)
FNF:9
FNH:5
FNDA:1,(anonymous_0)
FNDA:8,(anonymous_1)
FNDA:1,(anonymous_2)
FNDA:0,(anonymous_3)
FNDA:0,(anonymous_4)
FNDA:1,(anonymous_5)
FNDA:1,(anonymous_6)
FNDA:0,(anonymous_7)
FNDA:0,(anonymous_8)
DA:20,2
DA:22,2
DA:24,2
DA:25,8
DA:28,2
DA:30,1
DA:32,1
DA:40,1
DA:42,1
DA:44,1
DA:120,2
DA:168,2
DA:174,2
DA:176,0
DA:179,0
LF:15
LH:13
BRDA:32,0,0,0
BRDA:32,0,1,1
BRDA:40,1,0,0
BRDA:40,1,1,0
BRF:4
BRH:1
end_of_record
TN:
SF:src\components\movies-list\movies-list.jsx
FN:9,(anonymous_0)
FN:11,(anonymous_1)
FN:23,(anonymous_2)
FN:23,(anonymous_3)
FNF:4
FNH:4
FNDA:5,(anonymous_0)
FNDA:32,(anonymous_1)
FNDA:5,(anonymous_2)
FNDA:32,(anonymous_3)
DA:7,6
DA:9,6
DA:11,5
DA:12,32
DA:14,32
DA:23,32
DA:25,5
DA:32,6
LF:8
LH:8
BRF:0
BRH:0
end_of_record
TN:
SF:src\components\my-list\my-list.jsx
FN:11,(anonymous_0)
FN:57,(anonymous_1)
FN:61,(anonymous_2)
FN:62,(anonymous_3)
FNF:4
FNH:3
FNDA:1,(anonymous_0)
FNDA:1,(anonymous_1)
FNDA:1,(anonymous_2)
FNDA:0,(anonymous_3)
DA:11,2
DA:12,1
DA:14,1
DA:47,2
DA:57,2
DA:61,2
DA:63,0
LF:7
LH:6
BRF:0
BRH:0
end_of_record
TN:
SF:src\components\overview-tab\overview-tab.jsx
FN:4,(anonymous_0)
FNF:1
FNH:1
FNDA:3,(anonymous_0)
DA:4,4
DA:5,3
DA:26,4
LF:3
LH:3
BRF:0
BRH:0
end_of_record
TN:
SF:src\components\plug\plug.jsx
FN:9,(anonymous_0)
FNF:1
FNH:1
FNDA:1,(anonymous_0)
DA:4,2
DA:9,2
DA:11,1
DA:33,2
LF:4
LH:4
BRF:0
BRH:0
end_of_record
TN:
SF:src\components\reviews-tab\reviews-tab.jsx
FN:5,(anonymous_0)
FN:6,(anonymous_1)
FN:25,(anonymous_2)
FNF:3
FNH:3
FNDA:1,(anonymous_0)
FNDA:2,(anonymous_1)
FNDA:2,(anonymous_2)
DA:5,4
DA:6,1
DA:7,2
DA:9,2
DA:25,2
DA:27,1
DA:28,1
DA:30,1
DA:43,4
LF:9
LH:9
BRF:0
BRH:0
end_of_record
TN:
SF:src\components\show-more-button\show-more-button.jsx
FN:4,(anonymous_0)
FNF:1
FNH:1
FNDA:1,(anonymous_0)
DA:4,4
DA:5,1
DA:14,4
LF:3
LH:3
BRF:0
BRH:0
end_of_record
TN:
SF:src\components\sign-in\sign-in.jsx
FN:13,(anonymous_0)
FN:22,(anonymous_1)
FN:33,(anonymous_2)
FN:39,(anonymous_3)
FN:126,(anonymous_4)
FN:131,(anonymous_5)
FN:132,(anonymous_6)
FNF:7
FNH:4
FNDA:1,(anonymous_0)
FNDA:0,(anonymous_1)
FNDA:0,(anonymous_2)
FNDA:1,(anonymous_3)
FNDA:1,(anonymous_4)
FNDA:1,(anonymous_5)
FNDA:0,(anonymous_6)
DA:14,1
DA:16,1
DA:17,1
DA:19,1
DA:23,0
DA:25,0
DA:27,0
DA:34,0
DA:40,1
DA:41,1
DA:43,1
DA:44,0
DA:48,1
DA:119,2
DA:126,2
DA:131,2
DA:133,0
LF:17
LH:11
BRDA:43,0,0,0
BRDA:43,0,1,1
BRDA:69,1,0,1
BRDA:69,1,1,0
BRF:4
BRH:2
end_of_record
TN:
SF:src\components\small-card\small-card.jsx
FN:9,(anonymous_0)
FN:15,(anonymous_1)
FN:22,(anonymous_2)
FNF:3
FNH:2
FNDA:33,(anonymous_0)
FNDA:0,(anonymous_1)
FNDA:33,(anonymous_2)
DA:10,33
DA:12,33
DA:16,0
DA:18,0
DA:19,0
DA:23,33
DA:25,33
DA:50,7
LF:8
LH:5
BRF:0
BRH:0
end_of_record
TN:
SF:src\components\tabs\tabs.jsx
FN:9,(anonymous_0)
FN:28,(anonymous_1)
FN:31,(anonymous_2)
FN:32,(anonymous_3)
FN:38,(anonymous_4)
FNF:5
FNH:4
FNDA:2,(anonymous_0)
FNDA:2,(anonymous_1)
FNDA:6,(anonymous_2)
FNDA:0,(anonymous_3)
FNDA:6,(anonymous_4)
DA:9,3
DA:10,2
DA:25,2
DA:28,3
DA:29,2
DA:31,2
DA:32,6
DA:33,0
DA:34,0
DA:38,2
DA:39,6
DA:40,6
DA:42,6
DA:51,2
DA:53,2
DA:66,3
LF:16
LH:14
BRDA:39,0,0,2
BRDA:39,0,1,4
BRF:2
BRH:2
end_of_record
TN:
SF:src\components\video-player\video-player.jsx
FN:5,(anonymous_0)
FN:11,(anonymous_1)
FN:22,(anonymous_2)
FN:32,(anonymous_3)
FN:40,(anonymous_4)
FNF:5
FNH:3
FNDA:36,(anonymous_0)
FNDA:36,(anonymous_1)
FNDA:0,(anonymous_2)
FNDA:0,(anonymous_3)
FNDA:36,(anonymous_4)
DA:6,36
DA:8,36
DA:12,36
DA:13,36
DA:15,36
DA:16,36
DA:17,36
DA:18,36
DA:23,0
DA:25,0
DA:26,0
DA:27,0
DA:28,0
DA:33,0
DA:35,0
DA:37,0
DA:41,36
DA:43,36
DA:55,9
LF:19
LH:11
BRDA:15,0,0,36
BRDA:15,0,1,0
BRDA:25,1,0,0
BRDA:25,1,1,0
BRDA:35,2,0,0
BRDA:35,2,1,0
BRF:6
BRH:1
end_of_record
TN:
SF:src\hocs\with-active-tab.js
FN:5,(anonymous_0)
FN:7,(anonymous_1)
FN:17,(anonymous_2)
FN:23,(anonymous_3)
FNF:4
FNH:4
FNDA:3,(anonymous_0)
FNDA:3,(anonymous_1)
FNDA:1,(anonymous_2)
FNDA:4,(anonymous_3)
DA:5,3
DA:8,3
DA:10,3
DA:14,3
DA:18,1
DA:24,4
DA:35,3
LF:7
LH:7
BRF:0
BRH:0
end_of_record
TN:
SF:src\hocs\with-add-review.js
FN:10,(anonymous_0)
FN:12,(anonymous_1)
FN:26,(anonymous_2)
FN:37,(anonymous_3)
FN:43,(anonymous_4)
FN:50,(anonymous_5)
FN:57,(anonymous_6)
FNF:7
FNH:1
FNDA:1,(anonymous_0)
FNDA:0,(anonymous_1)
FNDA:0,(anonymous_2)
FNDA:0,(anonymous_3)
FNDA:0,(anonymous_4)
FNDA:0,(anonymous_5)
FNDA:0,(anonymous_6)
DA:4,2
DA:5,2
DA:10,2
DA:13,0
DA:15,0
DA:21,0
DA:22,0
DA:23,0
DA:27,0
DA:29,0
DA:31,0
DA:38,0
DA:44,0
DA:51,0
DA:52,0
DA:54,0
DA:58,0
DA:68,1
DA:75,1
LF:19
LH:5
BRDA:51,0,0,0
BRDA:51,0,1,0
BRDA:51,1,0,0
BRDA:51,1,1,0
BRF:4
BRH:0
end_of_record
TN:
SF:src\hocs\with-fullscreen-video.js
FN:4,(anonymous_0)
FN:6,(anonymous_1)
FN:21,(anonymous_2)
FN:29,(anonymous_3)
FN:30,(anonymous_4)
FN:34,(anonymous_5)
FN:46,(anonymous_6)
FN:54,(anonymous_7)
FN:55,(anonymous_8)
FN:60,(anonymous_9)
FN:65,(anonymous_10)
FN:73,(anonymous_11)
FN:81,(anonymous_12)
FNF:13
FNH:1
FNDA:1,(anonymous_0)
FNDA:0,(anonymous_1)
FNDA:0,(anonymous_2)
FNDA:0,(anonymous_3)
FNDA:0,(anonymous_4)
FNDA:0,(anonymous_5)
FNDA:0,(anonymous_6)
FNDA:0,(anonymous_7)
FNDA:0,(anonymous_8)
FNDA:0,(anonymous_9)
FNDA:0,(anonymous_10)
FNDA:0,(anonymous_11)
FNDA:0,(anonymous_12)
DA:4,1
DA:7,0
DA:9,0
DA:11,0
DA:17,0
DA:18,0
DA:22,0
DA:23,0
DA:25,0
DA:26,0
DA:27,0
DA:28,0
DA:29,0
DA:30,0
DA:35,0
DA:37,0
DA:38,0
DA:39,0
DA:40,0
DA:41,0
DA:42,0
DA:47,0
DA:49,0
DA:51,0
DA:55,0
DA:61,0
DA:62,0
DA:66,0
DA:68,0
DA:74,0
DA:76,0
DA:82,0
DA:83,0
DA:85,0
DA:108,1
DA:116,1
LF:36
LH:3
BRDA:25,0,0,0
BRDA:25,0,1,0
BRDA:37,1,0,0
BRDA:37,1,1,0
BRDA:49,2,0,0
BRDA:49,2,1,0
BRF:6
BRH:0
end_of_record
TN:
SF:src\hocs\with-video-player.js
FN:5,(anonymous_0)
FN:7,(anonymous_1)
FN:20,(anonymous_2)
FN:26,(anonymous_3)
FN:27,(anonymous_4)
FN:30,(anonymous_5)
FN:38,(anonymous_6)
FNF:7
FNH:3
FNDA:6,(anonymous_0)
FNDA:32,(anonymous_1)
FNDA:0,(anonymous_2)
FNDA:0,(anonymous_3)
FNDA:0,(anonymous_4)
FNDA:0,(anonymous_5)
FNDA:32,(anonymous_6)
DA:3,6
DA:5,6
DA:8,32
DA:10,32
DA:12,32
DA:16,32
DA:17,32
DA:21,0
DA:27,0
DA:31,0
DA:33,0
DA:39,32
DA:50,6
LF:13
LH:9
BRF:0
BRH:0
end_of_record
TN:
SF:src\mocks\films.js
FN:11,(anonymous_0)
FN:39,(anonymous_1)
FN:55,(anonymous_2)
FN:63,(anonymous_3)
FN:65,(anonymous_4)
FN:85,(anonymous_5)
FNF:6
FNH:6
FNDA:90,(anonymous_0)
FNDA:90,(anonymous_1)
FNDA:540,(anonymous_2)
FNDA:90,(anonymous_3)
FNDA:90,(anonymous_4)
FNDA:5,(anonymous_5)
DA:3,5
DA:4,5
DA:5,5
DA:6,5
DA:7,5
DA:8,5
DA:9,5
DA:11,5
DA:12,90
DA:13,90
DA:14,1453
DA:15,143
DA:17,1310
DA:20,90
DA:23,5
DA:32,5
DA:39,5
DA:40,90
DA:41,0
DA:43,90
DA:44,15
DA:46,75
DA:47,24
DA:49,51
DA:50,19
DA:52,32
DA:55,540
DA:63,90
DA:65,5
DA:66,90
DA:67,90
DA:69,90
DA:85,5
DA:89,5
LF:34
LH:33
BRDA:14,0,0,143
BRDA:14,0,1,1310
BRDA:40,1,0,0
BRDA:40,1,1,90
BRDA:43,2,0,15
BRDA:43,2,1,75
BRDA:43,3,0,90
BRDA:43,3,1,90
BRDA:46,4,0,24
BRDA:46,4,1,51
BRDA:46,5,0,75
BRDA:46,5,1,75
BRDA:49,6,0,19
BRDA:49,6,1,32
BRDA:49,7,0,51
BRDA:49,7,1,51
BRF:16
BRH:15
end_of_record
TN:
SF:src\reducer\name-space.js
FNF:0
FNH:0
DA:1,8
LF:1
LH:1
BRF:0
BRH:0
end_of_record
TN:
SF:src\reducer\data\data.js
FN:28,(anonymous_0)
FN:35,(anonymous_1)
FN:42,(anonymous_2)
FN:49,(anonymous_3)
FN:54,(anonymous_4)
FN:59,(anonymous_5)
FN:64,(anonymous_6)
FN:73,(anonymous_7)
FN:73,(anonymous_8)
FN:75,(anonymous_9)
FN:76,(anonymous_10)
FN:79,(anonymous_11)
FN:85,(anonymous_12)
FN:85,(anonymous_13)
FN:87,(anonymous_14)
FN:93,(anonymous_15)
FN:93,(anonymous_16)
FN:95,(anonymous_17)
FN:96,(anonymous_18)
FN:99,(anonymous_19)
FN:105,(anonymous_20)
FN:105,(anonymous_21)
FN:107,(anonymous_22)
FN:108,(anonymous_23)
FN:112,(anonymous_24)
FN:112,(anonymous_25)
FN:114,(anonymous_26)
FN:121,(anonymous_27)
FN:121,(anonymous_28)
FN:125,(anonymous_29)
FN:128,(anonymous_30)
FN:132,(anonymous_31)
FN:139,(anonymous_32)
FNF:33
FNH:16
FNDA:1,(anonymous_0)
FNDA:1,(anonymous_1)
FNDA:0,(anonymous_2)
FNDA:2,(anonymous_3)
FNDA:0,(anonymous_4)
FNDA:0,(anonymous_5)
FNDA:1,(anonymous_6)
FNDA:1,(anonymous_7)
FNDA:1,(anonymous_8)
FNDA:1,(anonymous_9)
FNDA:1,(anonymous_10)
FNDA:0,(anonymous_11)
FNDA:1,(anonymous_12)
FNDA:1,(anonymous_13)
FNDA:1,(anonymous_14)
FNDA:1,(anonymous_15)
FNDA:1,(anonymous_16)
FNDA:1,(anonymous_17)
FNDA:1,(anonymous_18)
FNDA:0,(anonymous_19)
FNDA:0,(anonymous_20)
FNDA:0,(anonymous_21)
FNDA:0,(anonymous_22)
FNDA:0,(anonymous_23)
FNDA:0,(anonymous_24)
FNDA:0,(anonymous_25)
FNDA:0,(anonymous_26)
FNDA:0,(anonymous_27)
FNDA:0,(anonymous_28)
FNDA:0,(anonymous_29)
FNDA:0,(anonymous_30)
FNDA:0,(anonymous_31)
FNDA:8,(anonymous_32)
DA:6,8
DA:16,8
DA:27,8
DA:29,1
DA:36,1
DA:43,0
DA:49,2
DA:54,0
DA:59,0
DA:65,1
DA:72,8
DA:73,1
DA:74,1
DA:76,1
DA:77,1
DA:80,0
DA:81,0
DA:85,1
DA:86,1
DA:89,1
DA:93,1
DA:94,1
DA:96,1
DA:97,1
DA:100,0
DA:101,0
DA:105,0
DA:106,0
DA:108,0
DA:112,0
DA:113,0
DA:116,0
DA:117,0
DA:121,0
DA:122,0
DA:124,0
DA:126,0
DA:129,0
DA:130,0
DA:133,0
DA:139,8
DA:140,8
DA:142,1
DA:147,1
DA:152,1
DA:157,1
DA:162,1
DA:167,1
DA:172,1
DA:177,1
LF:50
LH:29
BRDA:113,0,0,0
BRDA:113,0,1,0
BRDA:139,1,0,1
BRDA:140,2,0,1
BRDA:140,2,1,1
BRDA:140,2,2,1
BRDA:140,2,3,1
BRDA:140,2,4,1
BRDA:140,2,5,1
BRDA:140,2,6,1
BRF:10
BRH:8
end_of_record
TN:
SF:src\reducer\data\selectors.js
FN:4,(anonymous_0)
FN:6,(anonymous_1)
FN:8,(anonymous_2)
FN:10,(anonymous_3)
FN:12,(anonymous_4)
FN:14,(anonymous_5)
FN:16,(anonymous_6)
FN:18,(anonymous_7)
FNF:8
FNH:8
FNDA:6,(anonymous_0)
FNDA:2,(anonymous_1)
FNDA:2,(anonymous_2)
FNDA:1,(anonymous_3)
FNDA:1,(anonymous_4)
FNDA:1,(anonymous_5)
FNDA:1,(anonymous_6)
FNDA:1,(anonymous_7)
DA:4,6
DA:6,6
DA:8,6
DA:10,6
DA:12,6
DA:14,6
DA:16,6
DA:18,6
LF:8
LH:8
BRF:0
BRH:0
end_of_record
TN:
SF:src\reducer\state\selectors.js
FN:7,(anonymous_0)
FN:9,(anonymous_1)
FN:14,(anonymous_2)
FNF:3
FNH:3
FNDA:4,(anonymous_0)
FNDA:2,(anonymous_1)
FNDA:2,(anonymous_2)
DA:7,4
DA:9,3
DA:11,3
DA:15,2
DA:17,2
LF:5
LH:5
BRDA:15,0,0,2
BRDA:15,0,1,0
BRF:2
BRH:1
end_of_record
TN:
SF:src\reducer\state\state.js
FN:17,(anonymous_0)
FN:24,(anonymous_1)
FN:33,(anonymous_2)
FN:42,(anonymous_3)
FNF:4
FNH:3
FNDA:2,(anonymous_0)
FNDA:0,(anonymous_1)
FNDA:2,(anonymous_2)
FNDA:3,(anonymous_3)
DA:5,5
DA:10,5
DA:16,5
DA:18,2
DA:25,0
DA:27,0
DA:34,2
DA:42,5
DA:43,3
DA:45,2
DA:50,0
DA:56,0
DA:61,1
LF:13
LH:9
BRDA:25,0,0,0
BRDA:25,0,1,0
BRDA:42,1,0,1
BRDA:43,2,0,2
BRDA:43,2,1,0
BRDA:43,2,2,0
BRF:6
BRH:2
end_of_record
TN:
SF:src\reducer\user\selectors.js
FN:3,(anonymous_0)
FN:5,(anonymous_1)
FN:7,(anonymous_2)
FNF:3
FNH:3
FNDA:11,(anonymous_0)
FNDA:1,(anonymous_1)
FNDA:1,(anonymous_2)
DA:3,11
DA:5,8
DA:7,8
LF:3
LH:3
BRF:0
BRH:0
end_of_record
TN:
SF:src\reducer\user\user.js
FN:25,(anonymous_0)
FN:29,(anonymous_1)
FN:33,(anonymous_2)
FN:38,(anonymous_3)
FN:60,(anonymous_4)
FN:60,(anonymous_5)
FN:62,(anonymous_6)
FN:66,(anonymous_7)
FN:71,(anonymous_8)
FN:71,(anonymous_9)
FN:76,(anonymous_10)
FN:80,(anonymous_11)
FNF:12
FNH:6
FNDA:1,(anonymous_0)
FNDA:1,(anonymous_1)
FNDA:0,(anonymous_2)
FNDA:2,(anonymous_3)
FNDA:1,(anonymous_4)
FNDA:1,(anonymous_5)
FNDA:1,(anonymous_6)
FNDA:0,(anonymous_7)
FNDA:0,(anonymous_8)
FNDA:0,(anonymous_9)
FNDA:0,(anonymous_10)
FNDA:0,(anonymous_11)
DA:3,9
DA:9,9
DA:18,9
DA:24,9
DA:25,1
DA:29,1
DA:33,0
DA:38,9
DA:39,2
DA:41,1
DA:46,0
DA:51,0
DA:56,1
DA:59,9
DA:60,1
DA:61,1
DA:63,1
DA:64,1
DA:67,0
DA:71,0
DA:72,0
DA:77,0
DA:78,0
DA:81,0
LF:24
LH:15
BRDA:38,0,0,1
BRDA:39,1,0,1
BRDA:39,1,1,0
BRDA:39,1,2,0
BRF:4
BRH:2
end_of_record
